{"name": "test_user_cant_see_success_message", "status": "broken", "statusDetails": {"message": "selenium.common.exceptions.InvalidArgumentException: Message: binary is not a Firefox executable", "trace": "E   selenium.common.exceptions.InvalidArgumentException: Message: binary is not a Firefox executable"}, "start": 1766933556770, "stop": 1766933556770, "uuid": "84f36452-204e-47f1-9257-aa946c64aed1", "historyId": "4cbcbcf8ab600ff9a4c548a0f79f8e9a", "testCaseId": "4cbcbcf8ab600ff9a4c548a0f79f8e9a", "fullName": "test_product_page.TestUserAddToCartFromProductPage#test_user_cant_see_success_message", "labels": [{"name": "suite", "value": "test_product_page"}, {"name": "subSuite", "value": "TestUserAddToCartFromProductPage"}, {"name": "host", "value": "runnervmh13bl"}, {"name": "thread", "value": "4016-MainThread"}, {"name": "framework", "value": "pytest"}, {"name": "language", "value": "cpython3"}, {"name": "package", "value": "test_product_page"}], "titlePath": ["test_product_page.py", "TestUserAddToCartFromProductPage"]}