{"name": "test_message_disappeared_after_adding_product_to_basket", "status": "broken", "statusDetails": {"message": "selenium.common.exceptions.InvalidArgumentException: Message: binary is not a Firefox executable", "trace": "E   selenium.common.exceptions.InvalidArgumentException: Message: binary is not a Firefox executable"}, "start": 1766933564136, "stop": 1766933564136, "uuid": "4266c753-f438-4a37-9092-ca2fefcaa9b5", "historyId": "3fca896906b6fc9a65e0fff73101183d", "testCaseId": "3fca896906b6fc9a65e0fff73101183d", "fullName": "test_product_page#test_message_disappeared_after_adding_product_to_basket", "labels": [{"name": "suite", "value": "test_product_page"}, {"name": "host", "value": "runnervmh13bl"}, {"name": "thread", "value": "4016-MainThread"}, {"name": "framework", "value": "pytest"}, {"name": "language", "value": "cpython3"}, {"name": "package", "value": "test_product_page"}], "titlePath": ["test_product_page.py"]}