{"name": "test_guest_cant_see_success_message", "status": "broken", "statusDetails": {"message": "selenium.common.exceptions.InvalidArgumentException: Message: binary is not a Firefox executable", "trace": "E   selenium.common.exceptions.InvalidArgumentException: Message: binary is not a Firefox executable"}, "start": 1766933563648, "stop": 1766933563648, "uuid": "ff4d4df2-dd55-4fd9-8fc9-a63f4872ba7d", "historyId": "5251c96da2fb7810995bc4fb778eeb08", "testCaseId": "5251c96da2fb7810995bc4fb778eeb08", "fullName": "test_product_page#test_guest_cant_see_success_message", "labels": [{"name": "suite", "value": "test_product_page"}, {"name": "host", "value": "runnervmh13bl"}, {"name": "thread", "value": "4016-MainThread"}, {"name": "framework", "value": "pytest"}, {"name": "language", "value": "cpython3"}, {"name": "package", "value": "test_product_page"}], "titlePath": ["test_product_page.py"]}