{"name": "test_allure_two_two", "status": "broken", "statusDetails": {"message": "selenium.common.exceptions.SessionNotCreatedException: Message: session not created: Chrome instance exited. Examine ChromeDriver verbose log to determine the cause.; For documentation on this error, please visit: https://www.selenium.dev/documentation/webdriver/troubleshooting/errors#sessionnotcreatedexception\nStacktrace:\n#0 0x55d728b3419a <unknown>\n#1 0x55d7285b1c4b <unknown>\n#2 0x55d7285ebd1d <unknown>\n#3 0x55d7285e76d3 <unknown>\n#4 0x55d72863724c <unknown>\n#5 0x55d72863696c <unknown>\n#6 0x55d7285f5c42 <unknown>\n#7 0x55d7285f68f1 <unknown>\n#8 0x55d728afcf39 <unknown>\n#9 0x55d728affe7d <unknown>\n#10 0x55d728ae5c81 <unknown>\n#11 0x55d728b00a5b <unknown>\n#12 0x55d728acca50 <unknown>\n#13 0x55d728b21aa8 <unknown>\n#14 0x55d728b21c79 <unknown>\n#15 0x55d728b334f3 <unknown>\n#16 0x7fdaf929caa4 <unknown>\n#17 0x7fdaf9329c6c <unknown>", "trace": "E   selenium.common.exceptions.SessionNotCreatedException: Message: session not created: Chrome instance exited. Examine ChromeDriver verbose log to determine the cause.; For documentation on this error, please visit: https://www.selenium.dev/documentation/webdriver/troubleshooting/errors#sessionnotcreatedexception\n    Stacktrace:\n    #0 0x55d728b3419a <unknown>\n    #1 0x55d7285b1c4b <unknown>\n    #2 0x55d7285ebd1d <unknown>\n    #3 0x55d7285e76d3 <unknown>\n    #4 0x55d72863724c <unknown>\n    #5 0x55d72863696c <unknown>\n    #6 0x55d7285f5c42 <unknown>\n    #7 0x55d7285f68f1 <unknown>\n    #8 0x55d728afcf39 <unknown>\n    #9 0x55d728affe7d <unknown>\n    #10 0x55d728ae5c81 <unknown>\n    #11 0x55d728b00a5b <unknown>\n    #12 0x55d728acca50 <unknown>\n    #13 0x55d728b21aa8 <unknown>\n    #14 0x55d728b21c79 <unknown>\n    #15 0x55d728b334f3 <unknown>\n    #16 0x7fdaf929caa4 <unknown>\n    #17 0x7fdaf9329c6c <unknown>"}, "start": 1766928256911, "stop": 1766928256911, "uuid": "f97e9ea1-0ce1-4f6c-a898-ed1902569500", "historyId": "8979f5bfd101f9bb87dd9cbe5b66bdaf", "testCaseId": "8979f5bfd101f9bb87dd9cbe5b66bdaf", "fullName": "test_allure.TestAllurePageTwo#test_allure_two_two", "labels": [{"name": "tag", "value": "@allure.tag - Тэг 4"}, {"name": "severity", "value": "normal"}, {"name": "suite", "value": "===== - @allure.suite - вкладка Suites/Люксы"}, {"name": "parentSuite", "value": "===== - @allure.parent_suite - вкладка Suites/Люксы (Группа тестов (suite)) -> Самый верх"}, {"name": "subSuite", "value": "===== - @allure.sub_suite - вкладка Suites/Люксы"}, {"name": "host", "value": "runnervmh13bl"}, {"name": "thread", "value": "2207-MainThread"}, {"name": "framework", "value": "pytest"}, {"name": "language", "value": "cpython3"}, {"name": "package", "value": "test_allure"}], "titlePath": ["test_allure.py", "TestAllurePageTwo"]}