{"name": "test_allure_two_one", "status": "broken", "statusDetails": {"message": "selenium.common.exceptions.SessionNotCreatedException: Message: session not created: Chrome instance exited. Examine ChromeDriver verbose log to determine the cause.; For documentation on this error, please visit: https://www.selenium.dev/documentation/webdriver/troubleshooting/errors#sessionnotcreatedexception\nStacktrace:\n#0 0x55afd6ab219a <unknown>\n#1 0x55afd652fc4b <unknown>\n#2 0x55afd6569d1d <unknown>\n#3 0x55afd65656d3 <unknown>\n#4 0x55afd65b524c <unknown>\n#5 0x55afd65b496c <unknown>\n#6 0x55afd6573c42 <unknown>\n#7 0x55afd65748f1 <unknown>\n#8 0x55afd6a7af39 <unknown>\n#9 0x55afd6a7de7d <unknown>\n#10 0x55afd6a63c81 <unknown>\n#11 0x55afd6a7ea5b <unknown>\n#12 0x55afd6a4aa50 <unknown>\n#13 0x55afd6a9faa8 <unknown>\n#14 0x55afd6a9fc79 <unknown>\n#15 0x55afd6ab14f3 <unknown>\n#16 0x7f4f7709caa4 <unknown>\n#17 0x7f4f77129c6c <unknown>", "trace": "E   selenium.common.exceptions.SessionNotCreatedException: Message: session not created: Chrome instance exited. Examine ChromeDriver verbose log to determine the cause.; For documentation on this error, please visit: https://www.selenium.dev/documentation/webdriver/troubleshooting/errors#sessionnotcreatedexception\n    Stacktrace:\n    #0 0x55afd6ab219a <unknown>\n    #1 0x55afd652fc4b <unknown>\n    #2 0x55afd6569d1d <unknown>\n    #3 0x55afd65656d3 <unknown>\n    #4 0x55afd65b524c <unknown>\n    #5 0x55afd65b496c <unknown>\n    #6 0x55afd6573c42 <unknown>\n    #7 0x55afd65748f1 <unknown>\n    #8 0x55afd6a7af39 <unknown>\n    #9 0x55afd6a7de7d <unknown>\n    #10 0x55afd6a63c81 <unknown>\n    #11 0x55afd6a7ea5b <unknown>\n    #12 0x55afd6a4aa50 <unknown>\n    #13 0x55afd6a9faa8 <unknown>\n    #14 0x55afd6a9fc79 <unknown>\n    #15 0x55afd6ab14f3 <unknown>\n    #16 0x7f4f7709caa4 <unknown>\n    #17 0x7f4f77129c6c <unknown>"}, "start": 1766928256729, "stop": 1766928256729, "uuid": "687b3a49-1216-43d2-9482-36826fd8f2df", "historyId": "557d629d2344876cdaf5a6de21e6f3ef", "testCaseId": "557d629d2344876cdaf5a6de21e6f3ef", "fullName": "test_allure.TestAllurePageTwo#test_allure_two_one", "labels": [{"name": "severity", "value": "minor"}, {"name": "tag", "value": "@allure.tag - Тэг 3"}, {"name": "suite", "value": "===== - @allure.suite - вкладка Suites/Люксы"}, {"name": "parentSuite", "value": "===== - @allure.parent_suite - вкладка Suites/Люксы (Группа тестов (suite)) -> Самый верх"}, {"name": "subSuite", "value": "===== - @allure.sub_suite - вкладка Suites/Люксы"}, {"name": "host", "value": "runnervmh13bl"}, {"name": "thread", "value": "2207-MainThread"}, {"name": "framework", "value": "pytest"}, {"name": "language", "value": "cpython3"}, {"name": "package", "value": "test_allure"}], "titlePath": ["test_allure.py", "TestAllurePageTwo"]}