{"name": "***** - @allure.title - Название отчета 1/1", "status": "broken", "statusDetails": {"message": "selenium.common.exceptions.SessionNotCreatedException: Message: session not created: Chrome instance exited. Examine ChromeDriver verbose log to determine the cause.; For documentation on this error, please visit: https://www.selenium.dev/documentation/webdriver/troubleshooting/errors#sessionnotcreatedexception\nStacktrace:\n#0 0x5629a8dea19a <unknown>\n#1 0x5629a8867c4b <unknown>\n#2 0x5629a88a1d1d <unknown>\n#3 0x5629a889d6d3 <unknown>\n#4 0x5629a88ed24c <unknown>\n#5 0x5629a88ec96c <unknown>\n#6 0x5629a88abc42 <unknown>\n#7 0x5629a88ac8f1 <unknown>\n#8 0x5629a8db2f39 <unknown>\n#9 0x5629a8db5e7d <unknown>\n#10 0x5629a8d9bc81 <unknown>\n#11 0x5629a8db6a5b <unknown>\n#12 0x5629a8d82a50 <unknown>\n#13 0x5629a8dd7aa8 <unknown>\n#14 0x5629a8dd7c79 <unknown>\n#15 0x5629a8de94f3 <unknown>\n#16 0x7f6d0249caa4 <unknown>\n#17 0x7f6d02529c6c <unknown>", "trace": "E   selenium.common.exceptions.SessionNotCreatedException: Message: session not created: Chrome instance exited. Examine ChromeDriver verbose log to determine the cause.; For documentation on this error, please visit: https://www.selenium.dev/documentation/webdriver/troubleshooting/errors#sessionnotcreatedexception\n    Stacktrace:\n    #0 0x5629a8dea19a <unknown>\n    #1 0x5629a8867c4b <unknown>\n    #2 0x5629a88a1d1d <unknown>\n    #3 0x5629a889d6d3 <unknown>\n    #4 0x5629a88ed24c <unknown>\n    #5 0x5629a88ec96c <unknown>\n    #6 0x5629a88abc42 <unknown>\n    #7 0x5629a88ac8f1 <unknown>\n    #8 0x5629a8db2f39 <unknown>\n    #9 0x5629a8db5e7d <unknown>\n    #10 0x5629a8d9bc81 <unknown>\n    #11 0x5629a8db6a5b <unknown>\n    #12 0x5629a8d82a50 <unknown>\n    #13 0x5629a8dd7aa8 <unknown>\n    #14 0x5629a8dd7c79 <unknown>\n    #15 0x5629a8de94f3 <unknown>\n    #16 0x7f6d0249caa4 <unknown>\n    #17 0x7f6d02529c6c <unknown>"}, "description": "@allure.description - Добавляет описание (Description) к тесту", "start": 1766928253301, "stop": 1766928253301, "uuid": "a4674359-dad5-45b6-adc1-90f638613ded", "historyId": "477d4bf85c02f31c1504a5dd74435dfd", "testCaseId": "477d4bf85c02f31c1504a5dd74435dfd", "fullName": "test_allure.TestAllurePageOne#test_allure_one_one", "labels": [{"name": "severity", "value": "critical"}, {"name": "tag", "value": "@allure.tag - Тэг 1"}, {"name": "story", "value": "***** - @allure.story - История пользователя"}, {"name": "feature", "value": "***** - @allure.feature - Название модуля"}, {"name": "epic", "value": "***** - @allure.epic - вкладка Behaviors (Поведение) -> Самый верх"}, {"name": "suite", "value": "test_allure"}, {"name": "subSuite", "value": "TestAllurePageOne"}, {"name": "host", "value": "runnervmh13bl"}, {"name": "thread", "value": "2207-MainThread"}, {"name": "framework", "value": "pytest"}, {"name": "language", "value": "cpython3"}, {"name": "package", "value": "test_allure"}], "links": [{"type": "issue", "url": "https://github.com/kapKurgan/Selenium_Python_Final", "name": "Повторные попытки теста Pytest-flaky показывают похожие шаги тестирования"}, {"type": "tms", "url": "https://github.com/kapKurgan/Selenium_Python_Final", "name": "TestCase-4215: Проверка входа в ЛК"}, {"type": "link", "url": "https://github.com/kapKurgan/Selenium_Python_Final", "name": "Нажми меня"}], "titlePath": ["test_allure.py", "TestAllurePageOne"]}