{"name": "test_guest_cant_see_success_message", "status": "broken", "statusDetails": {"message": "selenium.common.exceptions.InvalidArgumentException: Message: binary is not a Firefox executable", "trace": "E   selenium.common.exceptions.InvalidArgumentException: Message: binary is not a Firefox executable"}, "start": 1768737138106, "stop": 1768737138106, "uuid": "3b0d260b-8d22-463a-8e5a-ef1c50edf1f5", "historyId": "5251c96da2fb7810995bc4fb778eeb08", "testCaseId": "5251c96da2fb7810995bc4fb778eeb08", "fullName": "test_product_page#test_guest_cant_see_success_message", "labels": [{"name": "suite", "value": "test_product_page"}, {"name": "host", "value": "runnervmmtnos"}, {"name": "thread", "value": "3984-MainThread"}, {"name": "framework", "value": "pytest"}, {"name": "language", "value": "cpython3"}, {"name": "package", "value": "test_product_page"}], "titlePath": ["test_product_page.py"]}