{"name": "test_user_cant_see_success_message", "status": "broken", "statusDetails": {"message": "selenium.common.exceptions.InvalidArgumentException: Message: binary is not a Firefox executable", "trace": "E   selenium.common.exceptions.InvalidArgumentException: Message: binary is not a Firefox executable"}, "start": 1768737130327, "stop": 1768737130327, "uuid": "5d907b5c-5b1b-41c0-b02b-f9fc15df3525", "historyId": "4cbcbcf8ab600ff9a4c548a0f79f8e9a", "testCaseId": "4cbcbcf8ab600ff9a4c548a0f79f8e9a", "fullName": "test_product_page.TestUserAddToCartFromProductPage#test_user_cant_see_success_message", "labels": [{"name": "suite", "value": "test_product_page"}, {"name": "subSuite", "value": "TestUserAddToCartFromProductPage"}, {"name": "host", "value": "runnervmmtnos"}, {"name": "thread", "value": "3984-MainThread"}, {"name": "framework", "value": "pytest"}, {"name": "language", "value": "cpython3"}, {"name": "package", "value": "test_product_page"}], "titlePath": ["test_product_page.py", "TestUserAddToCartFromProductPage"]}