{"name": "test_message_disappeared_after_adding_product_to_basket", "status": "broken", "statusDetails": {"message": "selenium.common.exceptions.InvalidArgumentException: Message: binary is not a Firefox executable", "trace": "E   selenium.common.exceptions.InvalidArgumentException: Message: binary is not a Firefox executable"}, "start": 1768737138661, "stop": 1768737138661, "uuid": "1d5692cc-e04a-4f1a-8563-fe8a505466c5", "historyId": "3fca896906b6fc9a65e0fff73101183d", "testCaseId": "3fca896906b6fc9a65e0fff73101183d", "fullName": "test_product_page#test_message_disappeared_after_adding_product_to_basket", "labels": [{"name": "suite", "value": "test_product_page"}, {"name": "host", "value": "runnervmmtnos"}, {"name": "thread", "value": "3984-MainThread"}, {"name": "framework", "value": "pytest"}, {"name": "language", "value": "cpython3"}, {"name": "package", "value": "test_product_page"}], "titlePath": ["test_product_page.py"]}