{"uid":"94b2712e9261ad3e","name":"***** - @allure.title - Название отчета 1/1","fullName":"test_allure.TestAllurePageOne#test_allure_one_one","historyId":"477d4bf85c02f31c1504a5dd74435dfd","time":{"start":1766931738957,"stop":1766931738957,"duration":0},"description":"@allure.description - Добавляет описание (Description) к тесту","descriptionHtml":"<p>@allure.description - Добавляет описание (Description) к тесту</p>\n","status":"broken","statusMessage":"selenium.common.exceptions.WebDriverException: Message: Process unexpectedly closed with status 1","statusTrace":"E   selenium.common.exceptions.WebDriverException: Message: Process unexpectedly closed with status 1","flaky":false,"newFailed":false,"newBroken":false,"newPassed":false,"retriesCount":0,"retriesStatusChange":false,"beforeStages":[{"name":"browser","time":{"start":1766931738957,"stop":1766931741232,"duration":2275},"status":"broken","statusMessage":"selenium.common.exceptions.WebDriverException: Message: Process unexpectedly closed with status 1\n\n","statusTrace":"  File \"/opt/hostedtoolcache/Python/3.12.12/x64/lib/python3.12/site-packages/pluggy/_callers.py\", line 38, in run_old_style_hookwrapper\n    res = yield\n          ^^^^^\n  File \"/opt/hostedtoolcache/Python/3.12.12/x64/lib/python3.12/site-packages/pluggy/_callers.py\", line 139, in _multicall\n    teardown.throw(exception)\n  File \"/opt/hostedtoolcache/Python/3.12.12/x64/lib/python3.12/site-packages/_pytest/setuponly.py\", line 36, in pytest_fixture_setup\n    return (yield)\n            ^^^^^\n  File \"/opt/hostedtoolcache/Python/3.12.12/x64/lib/python3.12/site-packages/pluggy/_callers.py\", line 121, in _multicall\n    res = hook_impl.function(*args)\n          ^^^^^^^^^^^^^^^^^^^^^^^^^\n  File \"/opt/hostedtoolcache/Python/3.12.12/x64/lib/python3.12/site-packages/_pytest/fixtures.py\", line 1140, in pytest_fixture_setup\n    result = call_fixture_func(fixturefunc, request, kwargs)\n             ^^^^^^^^^^^^^^^^^^^^^^^^^^^^^^^^^^^^^^^^^^^^^^^\n  File \"/opt/hostedtoolcache/Python/3.12.12/x64/lib/python3.12/site-packages/_pytest/fixtures.py\", line 891, in call_fixture_func\n    fixture_result = next(generator)\n                     ^^^^^^^^^^^^^^^\n  File \"/home/runner/work/testing-using-selenium-and-python/testing-using-selenium-and-python/conftest.py\", line 33, in browser\n    driver = webdriver.Firefox(options=options)\n             ^^^^^^^^^^^^^^^^^^^^^^^^^^^^^^^^^^\n  File \"/opt/hostedtoolcache/Python/3.12.12/x64/lib/python3.12/site-packages/selenium/webdriver/firefox/webdriver.py\", line 72, in __init__\n    super().__init__(command_executor=executor, options=options)\n  File \"/opt/hostedtoolcache/Python/3.12.12/x64/lib/python3.12/site-packages/selenium/webdriver/remote/webdriver.py\", line 261, in __init__\n    self.start_session(capabilities)\n  File \"/opt/hostedtoolcache/Python/3.12.12/x64/lib/python3.12/site-packages/selenium/webdriver/remote/webdriver.py\", line 362, in start_session\n    response = self.execute(Command.NEW_SESSION, caps)[\"value\"]\n               ^^^^^^^^^^^^^^^^^^^^^^^^^^^^^^^^^^^^^^^\n  File \"/opt/hostedtoolcache/Python/3.12.12/x64/lib/python3.12/site-packages/selenium/webdriver/remote/webdriver.py\", line 454, in execute\n    self.error_handler.check_response(response)\n  File \"/opt/hostedtoolcache/Python/3.12.12/x64/lib/python3.12/site-packages/selenium/webdriver/remote/errorhandler.py\", line 232, in check_response\n    raise exception_class(message, screen, stacktrace)\n","steps":[],"attachments":[],"parameters":[],"shouldDisplayMessage":true,"stepsCount":0,"attachmentsCount":0,"hasContent":true}],"afterStages":[],"labels":[{"name":"story","value":"***** - @allure.story - История пользователя"},{"name":"epic","value":"***** - @allure.epic - вкладка Behaviors (Поведение) -> Самый верх"},{"name":"feature","value":"***** - @allure.feature - Название модуля"},{"name":"severity","value":"critical"},{"name":"tag","value":"@allure.tag - Тэг 1"},{"name":"suite","value":"test_allure"},{"name":"subSuite","value":"TestAllurePageOne"},{"name":"host","value":"runnervmh13bl"},{"name":"thread","value":"2196-MainThread"},{"name":"framework","value":"pytest"},{"name":"language","value":"cpython3"},{"name":"package","value":"test_allure"},{"name":"resultFormat","value":"allure2"}],"parameters":[],"links":[{"name":"Повторные попытки теста Pytest-flaky показывают похожие шаги тестирования","url":"https://github.com/kapKurgan/Selenium_Python_Final","type":"issue"},{"name":"TestCase-4215: Проверка входа в ЛК","url":"https://github.com/kapKurgan/Selenium_Python_Final","type":"tms"},{"name":"Нажми меня","url":"https://github.com/kapKurgan/Selenium_Python_Final","type":"link"}],"hidden":false,"retry":false,"extra":{"severity":"critical","retries":[],"categories":[{"name":"Test defects","matchedStatuses":[],"flaky":false}],"tags":["@allure.tag - Тэг 1"]},"source":"94b2712e9261ad3e.json","parameterValues":[]}