{"name": "test_guest_cant_see_success_message", "status": "broken", "statusDetails": {"message": "selenium.common.exceptions.InvalidArgumentException: Message: binary is not a Firefox executable", "trace": "E   selenium.common.exceptions.InvalidArgumentException: Message: binary is not a Firefox executable"}, "start": 1770636880495, "stop": 1770636880495, "uuid": "351684c0-1924-42a8-8489-aa086cd009c4", "historyId": "5251c96da2fb7810995bc4fb778eeb08", "testCaseId": "5251c96da2fb7810995bc4fb778eeb08", "fullName": "test_product_page#test_guest_cant_see_success_message", "labels": [{"name": "suite", "value": "test_product_page"}, {"name": "host", "value": "runnervmwffz4"}, {"name": "thread", "value": "4239-MainThread"}, {"name": "framework", "value": "pytest"}, {"name": "language", "value": "cpython3"}, {"name": "package", "value": "test_product_page"}], "titlePath": ["test_product_page.py"]}