{"name": "test_message_disappeared_after_adding_product_to_basket", "status": "broken", "statusDetails": {"message": "selenium.common.exceptions.InvalidArgumentException: Message: binary is not a Firefox executable", "trace": "E   selenium.common.exceptions.InvalidArgumentException: Message: binary is not a Firefox executable"}, "start": 1770636881050, "stop": 1770636881050, "uuid": "097980e3-d7d0-4459-8b48-5d67a9d6fa54", "historyId": "3fca896906b6fc9a65e0fff73101183d", "testCaseId": "3fca896906b6fc9a65e0fff73101183d", "fullName": "test_product_page#test_message_disappeared_after_adding_product_to_basket", "labels": [{"name": "suite", "value": "test_product_page"}, {"name": "host", "value": "runnervmwffz4"}, {"name": "thread", "value": "4239-MainThread"}, {"name": "framework", "value": "pytest"}, {"name": "language", "value": "cpython3"}, {"name": "package", "value": "test_product_page"}], "titlePath": ["test_product_page.py"]}