{"name": "test_user_cant_see_success_message", "status": "broken", "statusDetails": {"message": "selenium.common.exceptions.InvalidArgumentException: Message: binary is not a Firefox executable", "trace": "E   selenium.common.exceptions.InvalidArgumentException: Message: binary is not a Firefox executable"}, "start": 1770636872690, "stop": 1770636872690, "uuid": "153ae620-cc89-4725-9007-291c7279340a", "historyId": "4cbcbcf8ab600ff9a4c548a0f79f8e9a", "testCaseId": "4cbcbcf8ab600ff9a4c548a0f79f8e9a", "fullName": "test_product_page.TestUserAddToCartFromProductPage#test_user_cant_see_success_message", "labels": [{"name": "suite", "value": "test_product_page"}, {"name": "subSuite", "value": "TestUserAddToCartFromProductPage"}, {"name": "host", "value": "runnervmwffz4"}, {"name": "thread", "value": "4239-MainThread"}, {"name": "framework", "value": "pytest"}, {"name": "language", "value": "cpython3"}, {"name": "package", "value": "test_product_page"}], "titlePath": ["test_product_page.py", "TestUserAddToCartFromProductPage"]}