{"name": "***** - @allure.title - Название отчета 1/2", "status": "broken", "statusDetails": {"message": "selenium.common.exceptions.InvalidArgumentException: Message: binary is not a Firefox executable", "trace": "E   selenium.common.exceptions.InvalidArgumentException: Message: binary is not a Firefox executable"}, "start": 1766932469415, "stop": 1766932469415, "uuid": "03a97a0d-d53b-472d-a51b-8d6cfe7f5684", "historyId": "f9e8ba146d1b001ab0bdad3d4861b157", "testCaseId": "f9e8ba146d1b001ab0bdad3d4861b157", "fullName": "test_allure.TestAllurePageOne#test_allure_one_two", "labels": [{"name": "tag", "value": "@allure.tag - Тэг 2"}, {"name": "epic", "value": "***** - @allure.epic - вкладка Behaviors (Поведение) -> Самый верх"}, {"name": "feature", "value": "***** - @allure.feature - Название модуля"}, {"name": "story", "value": "***** - @allure.story - История пользователя"}, {"name": "severity", "value": "blocker"}, {"name": "suite", "value": "test_allure"}, {"name": "subSuite", "value": "TestAllurePageOne"}, {"name": "host", "value": "runnervmh13bl"}, {"name": "thread", "value": "3973-MainThread"}, {"name": "framework", "value": "pytest"}, {"name": "language", "value": "cpython3"}, {"name": "package", "value": "test_allure"}], "titlePath": ["test_allure.py", "TestAllurePageOne"]}