{"name": "test_allure_two_one", "status": "broken", "statusDetails": {"message": "selenium.common.exceptions.InvalidArgumentException: Message: binary is not a Firefox executable", "trace": "E   selenium.common.exceptions.InvalidArgumentException: Message: binary is not a Firefox executable"}, "start": 1766932469968, "stop": 1766932469968, "uuid": "3c6c2be9-8a75-4825-9d2a-15b8d6d122b4", "historyId": "557d629d2344876cdaf5a6de21e6f3ef", "testCaseId": "557d629d2344876cdaf5a6de21e6f3ef", "fullName": "test_allure.TestAllurePageTwo#test_allure_two_one", "labels": [{"name": "tag", "value": "@allure.tag - Тэг 3"}, {"name": "subSuite", "value": "===== - @allure.sub_suite - вкладка Suites/Люксы"}, {"name": "suite", "value": "===== - @allure.suite - вкладка Suites/Люксы"}, {"name": "parentSuite", "value": "===== - @allure.parent_suite - вкладка Suites/Люксы (Группа тестов (suite)) -> Самый верх"}, {"name": "severity", "value": "minor"}, {"name": "host", "value": "runnervmh13bl"}, {"name": "thread", "value": "3973-MainThread"}, {"name": "framework", "value": "pytest"}, {"name": "language", "value": "cpython3"}, {"name": "package", "value": "test_allure"}], "titlePath": ["test_allure.py", "TestAllurePageTwo"]}