{"uid":"8f1981285ef81e06","name":"test_allure_two_one","fullName":"test_allure.TestAllurePageTwo#test_allure_two_one","historyId":"557d629d2344876cdaf5a6de21e6f3ef","time":{"start":1766928256729,"stop":1766928256729,"duration":0},"status":"broken","statusMessage":"selenium.common.exceptions.SessionNotCreatedException: Message: session not created: Chrome instance exited. Examine ChromeDriver verbose log to determine the cause.; For documentation on this error, please visit: https://www.selenium.dev/documentation/webdriver/troubleshooting/errors#sessionnotcreatedexception\nStacktrace:\n#0 0x55afd6ab219a <unknown>\n#1 0x55afd652fc4b <unknown>\n#2 0x55afd6569d1d <unknown>\n#3 0x55afd65656d3 <unknown>\n#4 0x55afd65b524c <unknown>\n#5 0x55afd65b496c <unknown>\n#6 0x55afd6573c42 <unknown>\n#7 0x55afd65748f1 <unknown>\n#8 0x55afd6a7af39 <unknown>\n#9 0x55afd6a7de7d <unknown>\n#10 0x55afd6a63c81 <unknown>\n#11 0x55afd6a7ea5b <unknown>\n#12 0x55afd6a4aa50 <unknown>\n#13 0x55afd6a9faa8 <unknown>\n#14 0x55afd6a9fc79 <unknown>\n#15 0x55afd6ab14f3 <unknown>\n#16 0x7f4f7709caa4 <unknown>\n#17 0x7f4f77129c6c <unknown>","statusTrace":"E   selenium.common.exceptions.SessionNotCreatedException: Message: session not created: Chrome instance exited. Examine ChromeDriver verbose log to determine the cause.; For documentation on this error, please visit: https://www.selenium.dev/documentation/webdriver/troubleshooting/errors#sessionnotcreatedexception\n    Stacktrace:\n    #0 0x55afd6ab219a <unknown>\n    #1 0x55afd652fc4b <unknown>\n    #2 0x55afd6569d1d <unknown>\n    #3 0x55afd65656d3 <unknown>\n    #4 0x55afd65b524c <unknown>\n    #5 0x55afd65b496c <unknown>\n    #6 0x55afd6573c42 <unknown>\n    #7 0x55afd65748f1 <unknown>\n    #8 0x55afd6a7af39 <unknown>\n    #9 0x55afd6a7de7d <unknown>\n    #10 0x55afd6a63c81 <unknown>\n    #11 0x55afd6a7ea5b <unknown>\n    #12 0x55afd6a4aa50 <unknown>\n    #13 0x55afd6a9faa8 <unknown>\n    #14 0x55afd6a9fc79 <unknown>\n    #15 0x55afd6ab14f3 <unknown>\n    #16 0x7f4f7709caa4 <unknown>\n    #17 0x7f4f77129c6c <unknown>","flaky":false,"newFailed":false,"newBroken":false,"newPassed":false,"retriesCount":0,"retriesStatusChange":false,"beforeStages":[{"name":"browser","time":{"start":1766928256730,"stop":1766928256905,"duration":175},"status":"broken","statusMessage":"selenium.common.exceptions.SessionNotCreatedException: Message: session not created: Chrome instance exited. Examine ChromeDriver verbose log to determine the cause.; For documentation on this error, please visit: https://www.selenium.dev/documentation/webdriver/troubleshooting/errors#sessionnotcreatedexception\nStacktrace:\n#0 0x55afd6ab219a <unknown>\n#1 0x55afd652fc4b <unknown>\n#2 0x55afd6569d1d <unknown>\n#3 0x55afd65656d3 <unknown>\n#4 0x55afd65b524c <unknown>\n#5 0x55afd65b496c <unknown>\n#6 0x55afd6573c42 <unknown>\n#7 0x55afd65748f1 <unknown>\n#8 0x55afd6a7af39 <unknown>\n#9 0x55afd6a7de7d <unknown>\n#10 0x55afd6a63c81 <unknown>\n#11 0x55afd6a7ea5b <unknown>\n#12 0x55afd6a4aa50 <unknown>\n#13 0x55afd6a9faa8 <unknown>\n#14 0x55afd6a9fc79 <unknown>\n#15 0x55afd6ab14f3 <unknown>\n#16 0x7f4f7709caa4 <unknown>\n#17 0x7f4f77129c6c <unknown>\n\n","statusTrace":"  File \"/opt/hostedtoolcache/Python/3.12.12/x64/lib/python3.12/site-packages/pluggy/_callers.py\", line 38, in run_old_style_hookwrapper\n    res = yield\n          ^^^^^\n  File \"/opt/hostedtoolcache/Python/3.12.12/x64/lib/python3.12/site-packages/pluggy/_callers.py\", line 139, in _multicall\n    teardown.throw(exception)\n  File \"/opt/hostedtoolcache/Python/3.12.12/x64/lib/python3.12/site-packages/_pytest/setuponly.py\", line 36, in pytest_fixture_setup\n    return (yield)\n            ^^^^^\n  File \"/opt/hostedtoolcache/Python/3.12.12/x64/lib/python3.12/site-packages/pluggy/_callers.py\", line 121, in _multicall\n    res = hook_impl.function(*args)\n          ^^^^^^^^^^^^^^^^^^^^^^^^^\n  File \"/opt/hostedtoolcache/Python/3.12.12/x64/lib/python3.12/site-packages/_pytest/fixtures.py\", line 1140, in pytest_fixture_setup\n    result = call_fixture_func(fixturefunc, request, kwargs)\n             ^^^^^^^^^^^^^^^^^^^^^^^^^^^^^^^^^^^^^^^^^^^^^^^\n  File \"/opt/hostedtoolcache/Python/3.12.12/x64/lib/python3.12/site-packages/_pytest/fixtures.py\", line 891, in call_fixture_func\n    fixture_result = next(generator)\n                     ^^^^^^^^^^^^^^^\n  File \"/home/runner/work/testing-using-selenium-and-python/testing-using-selenium-and-python/conftest.py\", line 19, in browser\n    browser = webdriver.Chrome(options=options)\n              ^^^^^^^^^^^^^^^^^^^^^^^^^^^^^^^^^\n  File \"/opt/hostedtoolcache/Python/3.12.12/x64/lib/python3.12/site-packages/selenium/webdriver/chrome/webdriver.py\", line 47, in __init__\n    super().__init__(\n  File \"/opt/hostedtoolcache/Python/3.12.12/x64/lib/python3.12/site-packages/selenium/webdriver/chromium/webdriver.py\", line 69, in __init__\n    super().__init__(command_executor=executor, options=options)\n  File \"/opt/hostedtoolcache/Python/3.12.12/x64/lib/python3.12/site-packages/selenium/webdriver/remote/webdriver.py\", line 261, in __init__\n    self.start_session(capabilities)\n  File \"/opt/hostedtoolcache/Python/3.12.12/x64/lib/python3.12/site-packages/selenium/webdriver/remote/webdriver.py\", line 362, in start_session\n    response = self.execute(Command.NEW_SESSION, caps)[\"value\"]\n               ^^^^^^^^^^^^^^^^^^^^^^^^^^^^^^^^^^^^^^^\n  File \"/opt/hostedtoolcache/Python/3.12.12/x64/lib/python3.12/site-packages/selenium/webdriver/remote/webdriver.py\", line 454, in execute\n    self.error_handler.check_response(response)\n  File \"/opt/hostedtoolcache/Python/3.12.12/x64/lib/python3.12/site-packages/selenium/webdriver/remote/errorhandler.py\", line 232, in check_response\n    raise exception_class(message, screen, stacktrace)\n","steps":[],"attachments":[],"parameters":[],"shouldDisplayMessage":true,"stepsCount":0,"attachmentsCount":0,"hasContent":true}],"afterStages":[],"labels":[{"name":"severity","value":"minor"},{"name":"tag","value":"@allure.tag - Тэг 3"},{"name":"suite","value":"===== - @allure.suite - вкладка Suites/Люксы"},{"name":"parentSuite","value":"===== - @allure.parent_suite - вкладка Suites/Люксы (Группа тестов (suite)) -> Самый верх"},{"name":"subSuite","value":"===== - @allure.sub_suite - вкладка Suites/Люксы"},{"name":"host","value":"runnervmh13bl"},{"name":"thread","value":"2207-MainThread"},{"name":"framework","value":"pytest"},{"name":"language","value":"cpython3"},{"name":"package","value":"test_allure"},{"name":"resultFormat","value":"allure2"}],"parameters":[],"links":[],"hidden":false,"retry":false,"extra":{"severity":"minor","retries":[],"categories":[{"name":"Test defects","matchedStatuses":[],"flaky":false}],"tags":["@allure.tag - Тэг 3"]},"source":"8f1981285ef81e06.json","parameterValues":[]}