{"name": "test_allure_two_one", "status": "broken", "statusDetails": {"message": "selenium.common.exceptions.SessionNotCreatedException: Message: session not created: Chrome instance exited. Examine ChromeDriver verbose log to determine the cause.; For documentation on this error, please visit: https://www.selenium.dev/documentation/webdriver/troubleshooting/errors#sessionnotcreatedexception\nStacktrace:\n#0 0x5618a230b19a <unknown>\n#1 0x5618a1d88c4b <unknown>\n#2 0x5618a1dc2d1d <unknown>\n#3 0x5618a1dbe6d3 <unknown>\n#4 0x5618a1e0e24c <unknown>\n#5 0x5618a1e0d96c <unknown>\n#6 0x5618a1dccc42 <unknown>\n#7 0x5618a1dcd8f1 <unknown>\n#8 0x5618a22d3f39 <unknown>\n#9 0x5618a22d6e7d <unknown>\n#10 0x5618a22bcc81 <unknown>\n#11 0x5618a22d7a5b <unknown>\n#12 0x5618a22a3a50 <unknown>\n#13 0x5618a22f8aa8 <unknown>\n#14 0x5618a22f8c79 <unknown>\n#15 0x5618a230a4f3 <unknown>\n#16 0x7fa4d689caa4 <unknown>\n#17 0x7fa4d6929c6c <unknown>", "trace": "E   selenium.common.exceptions.SessionNotCreatedException: Message: session not created: Chrome instance exited. Examine ChromeDriver verbose log to determine the cause.; For documentation on this error, please visit: https://www.selenium.dev/documentation/webdriver/troubleshooting/errors#sessionnotcreatedexception\n    Stacktrace:\n    #0 0x5618a230b19a <unknown>\n    #1 0x5618a1d88c4b <unknown>\n    #2 0x5618a1dc2d1d <unknown>\n    #3 0x5618a1dbe6d3 <unknown>\n    #4 0x5618a1e0e24c <unknown>\n    #5 0x5618a1e0d96c <unknown>\n    #6 0x5618a1dccc42 <unknown>\n    #7 0x5618a1dcd8f1 <unknown>\n    #8 0x5618a22d3f39 <unknown>\n    #9 0x5618a22d6e7d <unknown>\n    #10 0x5618a22bcc81 <unknown>\n    #11 0x5618a22d7a5b <unknown>\n    #12 0x5618a22a3a50 <unknown>\n    #13 0x5618a22f8aa8 <unknown>\n    #14 0x5618a22f8c79 <unknown>\n    #15 0x5618a230a4f3 <unknown>\n    #16 0x7fa4d689caa4 <unknown>\n    #17 0x7fa4d6929c6c <unknown>"}, "start": 1766927771940, "stop": 1766927771940, "uuid": "7bf07b0a-3fb1-4728-b50b-7fc2e0dc48c6", "historyId": "557d629d2344876cdaf5a6de21e6f3ef", "testCaseId": "557d629d2344876cdaf5a6de21e6f3ef", "fullName": "test_allure.TestAllurePageTwo#test_allure_two_one", "labels": [{"name": "tag", "value": "@allure.tag - Тэг 3"}, {"name": "severity", "value": "minor"}, {"name": "parentSuite", "value": "===== - @allure.parent_suite - вкладка Suites/Люксы (Группа тестов (suite)) -> Самый верх"}, {"name": "subSuite", "value": "===== - @allure.sub_suite - вкладка Suites/Люксы"}, {"name": "suite", "value": "===== - @allure.suite - вкладка Suites/Люксы"}, {"name": "host", "value": "runnervmh13bl"}, {"name": "thread", "value": "2357-MainThread"}, {"name": "framework", "value": "pytest"}, {"name": "language", "value": "cpython3"}, {"name": "package", "value": "test_allure"}], "titlePath": ["test_allure.py", "TestAllurePageTwo"]}