{"name": "***** - @allure.title - Название отчета 1/1", "status": "broken", "statusDetails": {"message": "selenium.common.exceptions.SessionNotCreatedException: Message: session not created: Chrome instance exited. Examine ChromeDriver verbose log to determine the cause.; For documentation on this error, please visit: https://www.selenium.dev/documentation/webdriver/troubleshooting/errors#sessionnotcreatedexception\nStacktrace:\n#0 0x55576e08e19a <unknown>\n#1 0x55576db0bc4b <unknown>\n#2 0x55576db45d1d <unknown>\n#3 0x55576db416d3 <unknown>\n#4 0x55576db9124c <unknown>\n#5 0x55576db9096c <unknown>\n#6 0x55576db4fc42 <unknown>\n#7 0x55576db508f1 <unknown>\n#8 0x55576e056f39 <unknown>\n#9 0x55576e059e7d <unknown>\n#10 0x55576e03fc81 <unknown>\n#11 0x55576e05aa5b <unknown>\n#12 0x55576e026a50 <unknown>\n#13 0x55576e07baa8 <unknown>\n#14 0x55576e07bc79 <unknown>\n#15 0x55576e08d4f3 <unknown>\n#16 0x7f177589caa4 <unknown>\n#17 0x7f1775929c6c <unknown>", "trace": "E   selenium.common.exceptions.SessionNotCreatedException: Message: session not created: Chrome instance exited. Examine ChromeDriver verbose log to determine the cause.; For documentation on this error, please visit: https://www.selenium.dev/documentation/webdriver/troubleshooting/errors#sessionnotcreatedexception\n    Stacktrace:\n    #0 0x55576e08e19a <unknown>\n    #1 0x55576db0bc4b <unknown>\n    #2 0x55576db45d1d <unknown>\n    #3 0x55576db416d3 <unknown>\n    #4 0x55576db9124c <unknown>\n    #5 0x55576db9096c <unknown>\n    #6 0x55576db4fc42 <unknown>\n    #7 0x55576db508f1 <unknown>\n    #8 0x55576e056f39 <unknown>\n    #9 0x55576e059e7d <unknown>\n    #10 0x55576e03fc81 <unknown>\n    #11 0x55576e05aa5b <unknown>\n    #12 0x55576e026a50 <unknown>\n    #13 0x55576e07baa8 <unknown>\n    #14 0x55576e07bc79 <unknown>\n    #15 0x55576e08d4f3 <unknown>\n    #16 0x7f177589caa4 <unknown>\n    #17 0x7f1775929c6c <unknown>"}, "description": "@allure.description - Добавляет описание (Description) к тесту", "start": 1766927767120, "stop": 1766927767120, "uuid": "2d6e6947-afd9-451f-9119-76fe223db12e", "historyId": "477d4bf85c02f31c1504a5dd74435dfd", "testCaseId": "477d4bf85c02f31c1504a5dd74435dfd", "fullName": "test_allure.TestAllurePageOne#test_allure_one_one", "labels": [{"name": "severity", "value": "critical"}, {"name": "tag", "value": "@allure.tag - Тэг 1"}, {"name": "story", "value": "***** - @allure.story - История пользователя"}, {"name": "epic", "value": "***** - @allure.epic - вкладка Behaviors (Поведение) -> Самый верх"}, {"name": "feature", "value": "***** - @allure.feature - Название модуля"}, {"name": "suite", "value": "test_allure"}, {"name": "subSuite", "value": "TestAllurePageOne"}, {"name": "host", "value": "runnervmh13bl"}, {"name": "thread", "value": "2357-MainThread"}, {"name": "framework", "value": "pytest"}, {"name": "language", "value": "cpython3"}, {"name": "package", "value": "test_allure"}], "links": [{"type": "issue", "url": "https://github.com/kapKurgan/Selenium_Python_Final", "name": "Повторные попытки теста Pytest-flaky показывают похожие шаги тестирования"}, {"type": "tms", "url": "https://github.com/kapKurgan/Selenium_Python_Final", "name": "TestCase-4215: Проверка входа в ЛК"}, {"type": "link", "url": "https://github.com/kapKurgan/Selenium_Python_Final", "name": "Нажми меня"}], "titlePath": ["test_allure.py", "TestAllurePageOne"]}