{"name": "test_allure_two_two", "status": "broken", "statusDetails": {"message": "selenium.common.exceptions.SessionNotCreatedException: Message: session not created: Chrome instance exited. Examine ChromeDriver verbose log to determine the cause.; For documentation on this error, please visit: https://www.selenium.dev/documentation/webdriver/troubleshooting/errors#sessionnotcreatedexception\nStacktrace:\n#0 0x55737197719a <unknown>\n#1 0x5573713f4c4b <unknown>\n#2 0x55737142ed1d <unknown>\n#3 0x55737142a6d3 <unknown>\n#4 0x55737147a24c <unknown>\n#5 0x55737147996c <unknown>\n#6 0x557371438c42 <unknown>\n#7 0x5573714398f1 <unknown>\n#8 0x55737193ff39 <unknown>\n#9 0x557371942e7d <unknown>\n#10 0x557371928c81 <unknown>\n#11 0x557371943a5b <unknown>\n#12 0x55737190fa50 <unknown>\n#13 0x557371964aa8 <unknown>\n#14 0x557371964c79 <unknown>\n#15 0x5573719764f3 <unknown>\n#16 0x7f954369caa4 <unknown>\n#17 0x7f9543729c6c <unknown>", "trace": "E   selenium.common.exceptions.SessionNotCreatedException: Message: session not created: Chrome instance exited. Examine ChromeDriver verbose log to determine the cause.; For documentation on this error, please visit: https://www.selenium.dev/documentation/webdriver/troubleshooting/errors#sessionnotcreatedexception\n    Stacktrace:\n    #0 0x55737197719a <unknown>\n    #1 0x5573713f4c4b <unknown>\n    #2 0x55737142ed1d <unknown>\n    #3 0x55737142a6d3 <unknown>\n    #4 0x55737147a24c <unknown>\n    #5 0x55737147996c <unknown>\n    #6 0x557371438c42 <unknown>\n    #7 0x5573714398f1 <unknown>\n    #8 0x55737193ff39 <unknown>\n    #9 0x557371942e7d <unknown>\n    #10 0x557371928c81 <unknown>\n    #11 0x557371943a5b <unknown>\n    #12 0x55737190fa50 <unknown>\n    #13 0x557371964aa8 <unknown>\n    #14 0x557371964c79 <unknown>\n    #15 0x5573719764f3 <unknown>\n    #16 0x7f954369caa4 <unknown>\n    #17 0x7f9543729c6c <unknown>"}, "start": 1766927772123, "stop": 1766927772123, "uuid": "b6a93ad8-9332-4a71-a3ce-1fb1532ddb4a", "historyId": "8979f5bfd101f9bb87dd9cbe5b66bdaf", "testCaseId": "8979f5bfd101f9bb87dd9cbe5b66bdaf", "fullName": "test_allure.TestAllurePageTwo#test_allure_two_two", "labels": [{"name": "tag", "value": "@allure.tag - Тэг 4"}, {"name": "parentSuite", "value": "===== - @allure.parent_suite - вкладка Suites/Люксы (Группа тестов (suite)) -> Самый верх"}, {"name": "subSuite", "value": "===== - @allure.sub_suite - вкладка Suites/Люксы"}, {"name": "suite", "value": "===== - @allure.suite - вкладка Suites/Люксы"}, {"name": "severity", "value": "normal"}, {"name": "host", "value": "runnervmh13bl"}, {"name": "thread", "value": "2357-MainThread"}, {"name": "framework", "value": "pytest"}, {"name": "language", "value": "cpython3"}, {"name": "package", "value": "test_allure"}], "titlePath": ["test_allure.py", "TestAllurePageTwo"]}