{"name": "test_guest_cant_see_success_message_after_adding_product_to_basket", "status": "broken", "statusDetails": {"message": "selenium.common.exceptions.SessionNotCreatedException: Message: session not created: Chrome instance exited. Examine ChromeDriver verbose log to determine the cause.; For documentation on this error, please visit: https://www.selenium.dev/documentation/webdriver/troubleshooting/errors#sessionnotcreatedexception\nStacktrace:\n#0 0x55afc0a8b19a <unknown>\n#1 0x55afc0508c4b <unknown>\n#2 0x55afc0542d1d <unknown>\n#3 0x55afc053e6d3 <unknown>\n#4 0x55afc058e24c <unknown>\n#5 0x55afc058d96c <unknown>\n#6 0x55afc054cc42 <unknown>\n#7 0x55afc054d8f1 <unknown>\n#8 0x55afc0a53f39 <unknown>\n#9 0x55afc0a56e7d <unknown>\n#10 0x55afc0a3cc81 <unknown>\n#11 0x55afc0a57a5b <unknown>\n#12 0x55afc0a23a50 <unknown>\n#13 0x55afc0a78aa8 <unknown>\n#14 0x55afc0a78c79 <unknown>\n#15 0x55afc0a8a4f3 <unknown>\n#16 0x7f511089caa4 <unknown>\n#17 0x7f5110929c6c <unknown>", "trace": "E   selenium.common.exceptions.SessionNotCreatedException: Message: session not created: Chrome instance exited. Examine ChromeDriver verbose log to determine the cause.; For documentation on this error, please visit: https://www.selenium.dev/documentation/webdriver/troubleshooting/errors#sessionnotcreatedexception\n    Stacktrace:\n    #0 0x55afc0a8b19a <unknown>\n    #1 0x55afc0508c4b <unknown>\n    #2 0x55afc0542d1d <unknown>\n    #3 0x55afc053e6d3 <unknown>\n    #4 0x55afc058e24c <unknown>\n    #5 0x55afc058d96c <unknown>\n    #6 0x55afc054cc42 <unknown>\n    #7 0x55afc054d8f1 <unknown>\n    #8 0x55afc0a53f39 <unknown>\n    #9 0x55afc0a56e7d <unknown>\n    #10 0x55afc0a3cc81 <unknown>\n    #11 0x55afc0a57a5b <unknown>\n    #12 0x55afc0a23a50 <unknown>\n    #13 0x55afc0a78aa8 <unknown>\n    #14 0x55afc0a78c79 <unknown>\n    #15 0x55afc0a8a4f3 <unknown>\n    #16 0x7f511089caa4 <unknown>\n    #17 0x7f5110929c6c <unknown>"}, "start": 1766928159362, "stop": 1766928159362, "uuid": "f42b86e9-8f82-4046-b048-32ab69c2eff1", "historyId": "1c8a9198cae72a413cddcfb1096300dc", "testCaseId": "1c8a9198cae72a413cddcfb1096300dc", "fullName": "test_product_page#test_guest_cant_see_success_message_after_adding_product_to_basket", "labels": [{"name": "suite", "value": "test_product_page"}, {"name": "host", "value": "runnervmh13bl"}, {"name": "thread", "value": "2330-MainThread"}, {"name": "framework", "value": "pytest"}, {"name": "language", "value": "cpython3"}, {"name": "package", "value": "test_product_page"}], "titlePath": ["test_product_page.py"]}