{"name": "test_guest_should_see_login_link_on_product_page", "status": "broken", "statusDetails": {"message": "selenium.common.exceptions.SessionNotCreatedException: Message: session not created: Chrome instance exited. Examine ChromeDriver verbose log to determine the cause.; For documentation on this error, please visit: https://www.selenium.dev/documentation/webdriver/troubleshooting/errors#sessionnotcreatedexception\nStacktrace:\n#0 0x55a56180919a <unknown>\n#1 0x55a561286c4b <unknown>\n#2 0x55a5612c0d1d <unknown>\n#3 0x55a5612bc6d3 <unknown>\n#4 0x55a56130c24c <unknown>\n#5 0x55a56130b96c <unknown>\n#6 0x55a5612cac42 <unknown>\n#7 0x55a5612cb8f1 <unknown>\n#8 0x55a5617d1f39 <unknown>\n#9 0x55a5617d4e7d <unknown>\n#10 0x55a5617bac81 <unknown>\n#11 0x55a5617d5a5b <unknown>\n#12 0x55a5617a1a50 <unknown>\n#13 0x55a5617f6aa8 <unknown>\n#14 0x55a5617f6c79 <unknown>\n#15 0x55a5618084f3 <unknown>\n#16 0x7fe4fca9caa4 <unknown>\n#17 0x7fe4fcb29c6c <unknown>", "trace": "E   selenium.common.exceptions.SessionNotCreatedException: Message: session not created: Chrome instance exited. Examine ChromeDriver verbose log to determine the cause.; For documentation on this error, please visit: https://www.selenium.dev/documentation/webdriver/troubleshooting/errors#sessionnotcreatedexception\n    Stacktrace:\n    #0 0x55a56180919a <unknown>\n    #1 0x55a561286c4b <unknown>\n    #2 0x55a5612c0d1d <unknown>\n    #3 0x55a5612bc6d3 <unknown>\n    #4 0x55a56130c24c <unknown>\n    #5 0x55a56130b96c <unknown>\n    #6 0x55a5612cac42 <unknown>\n    #7 0x55a5612cb8f1 <unknown>\n    #8 0x55a5617d1f39 <unknown>\n    #9 0x55a5617d4e7d <unknown>\n    #10 0x55a5617bac81 <unknown>\n    #11 0x55a5617d5a5b <unknown>\n    #12 0x55a5617a1a50 <unknown>\n    #13 0x55a5617f6aa8 <unknown>\n    #14 0x55a5617f6c79 <unknown>\n    #15 0x55a5618084f3 <unknown>\n    #16 0x7fe4fca9caa4 <unknown>\n    #17 0x7fe4fcb29c6c <unknown>"}, "start": 1766928157353, "stop": 1766928157353, "uuid": "920e354e-18d5-4d01-8c8f-0816cb661d98", "historyId": "d5352a12f47738a9fedbdb63488ff7b8", "testCaseId": "d5352a12f47738a9fedbdb63488ff7b8", "fullName": "test_product_page.TestLoginFromProductPage#test_guest_should_see_login_link_on_product_page", "labels": [{"name": "tag", "value": "login"}, {"name": "suite", "value": "test_product_page"}, {"name": "subSuite", "value": "TestLoginFromProductPage"}, {"name": "host", "value": "runnervmh13bl"}, {"name": "thread", "value": "2330-MainThread"}, {"name": "framework", "value": "pytest"}, {"name": "language", "value": "cpython3"}, {"name": "package", "value": "test_product_page"}], "titlePath": ["test_product_page.py", "TestLoginFromProductPage"]}