{"name": "test_user_cant_see_success_message", "status": "broken", "statusDetails": {"message": "selenium.common.exceptions.SessionNotCreatedException: Message: session not created: Chrome instance exited. Examine ChromeDriver verbose log to determine the cause.; For documentation on this error, please visit: https://www.selenium.dev/documentation/webdriver/troubleshooting/errors#sessionnotcreatedexception\nStacktrace:\n#0 0x55740629519a <unknown>\n#1 0x557405d12c4b <unknown>\n#2 0x557405d4cd1d <unknown>\n#3 0x557405d486d3 <unknown>\n#4 0x557405d9824c <unknown>\n#5 0x557405d9796c <unknown>\n#6 0x557405d56c42 <unknown>\n#7 0x557405d578f1 <unknown>\n#8 0x55740625df39 <unknown>\n#9 0x557406260e7d <unknown>\n#10 0x557406246c81 <unknown>\n#11 0x557406261a5b <unknown>\n#12 0x55740622da50 <unknown>\n#13 0x557406282aa8 <unknown>\n#14 0x557406282c79 <unknown>\n#15 0x5574062944f3 <unknown>\n#16 0x7f32d349caa4 <unknown>\n#17 0x7f32d3529c6c <unknown>", "trace": "E   selenium.common.exceptions.SessionNotCreatedException: Message: session not created: Chrome instance exited. Examine ChromeDriver verbose log to determine the cause.; For documentation on this error, please visit: https://www.selenium.dev/documentation/webdriver/troubleshooting/errors#sessionnotcreatedexception\n    Stacktrace:\n    #0 0x55740629519a <unknown>\n    #1 0x557405d12c4b <unknown>\n    #2 0x557405d4cd1d <unknown>\n    #3 0x557405d486d3 <unknown>\n    #4 0x557405d9824c <unknown>\n    #5 0x557405d9796c <unknown>\n    #6 0x557405d56c42 <unknown>\n    #7 0x557405d578f1 <unknown>\n    #8 0x55740625df39 <unknown>\n    #9 0x557406260e7d <unknown>\n    #10 0x557406246c81 <unknown>\n    #11 0x557406261a5b <unknown>\n    #12 0x55740622da50 <unknown>\n    #13 0x557406282aa8 <unknown>\n    #14 0x557406282c79 <unknown>\n    #15 0x5574062944f3 <unknown>\n    #16 0x7f32d349caa4 <unknown>\n    #17 0x7f32d3529c6c <unknown>"}, "start": 1766928156986, "stop": 1766928156986, "uuid": "2798ce18-3dbc-4dad-b176-5fa102a2b371", "historyId": "4cbcbcf8ab600ff9a4c548a0f79f8e9a", "testCaseId": "4cbcbcf8ab600ff9a4c548a0f79f8e9a", "fullName": "test_product_page.TestUserAddToCartFromProductPage#test_user_cant_see_success_message", "labels": [{"name": "suite", "value": "test_product_page"}, {"name": "subSuite", "value": "TestUserAddToCartFromProductPage"}, {"name": "host", "value": "runnervmh13bl"}, {"name": "thread", "value": "2330-MainThread"}, {"name": "framework", "value": "pytest"}, {"name": "language", "value": "cpython3"}, {"name": "package", "value": "test_product_page"}], "titlePath": ["test_product_page.py", "TestUserAddToCartFromProductPage"]}