{"name": "test_guest_cant_see_product_in_basket_opened_from_product_page", "status": "broken", "statusDetails": {"message": "selenium.common.exceptions.SessionNotCreatedException: Message: session not created: Chrome instance exited. Examine ChromeDriver verbose log to determine the cause.; For documentation on this error, please visit: https://www.selenium.dev/documentation/webdriver/troubleshooting/errors#sessionnotcreatedexception\nStacktrace:\n#0 0x56242115a19a <unknown>\n#1 0x562420bd7c4b <unknown>\n#2 0x562420c11d1d <unknown>\n#3 0x562420c0d6d3 <unknown>\n#4 0x562420c5d24c <unknown>\n#5 0x562420c5c96c <unknown>\n#6 0x562420c1bc42 <unknown>\n#7 0x562420c1c8f1 <unknown>\n#8 0x562421122f39 <unknown>\n#9 0x562421125e7d <unknown>\n#10 0x56242110bc81 <unknown>\n#11 0x562421126a5b <unknown>\n#12 0x5624210f2a50 <unknown>\n#13 0x562421147aa8 <unknown>\n#14 0x562421147c79 <unknown>\n#15 0x5624211594f3 <unknown>\n#16 0x7f1dc349caa4 <unknown>\n#17 0x7f1dc3529c6c <unknown>", "trace": "E   selenium.common.exceptions.SessionNotCreatedException: Message: session not created: Chrome instance exited. Examine ChromeDriver verbose log to determine the cause.; For documentation on this error, please visit: https://www.selenium.dev/documentation/webdriver/troubleshooting/errors#sessionnotcreatedexception\n    Stacktrace:\n    #0 0x56242115a19a <unknown>\n    #1 0x562420bd7c4b <unknown>\n    #2 0x562420c11d1d <unknown>\n    #3 0x562420c0d6d3 <unknown>\n    #4 0x562420c5d24c <unknown>\n    #5 0x562420c5c96c <unknown>\n    #6 0x562420c1bc42 <unknown>\n    #7 0x562420c1c8f1 <unknown>\n    #8 0x562421122f39 <unknown>\n    #9 0x562421125e7d <unknown>\n    #10 0x56242110bc81 <unknown>\n    #11 0x562421126a5b <unknown>\n    #12 0x5624210f2a50 <unknown>\n    #13 0x562421147aa8 <unknown>\n    #14 0x562421147c79 <unknown>\n    #15 0x5624211594f3 <unknown>\n    #16 0x7f1dc349caa4 <unknown>\n    #17 0x7f1dc3529c6c <unknown>"}, "start": 1766928159904, "stop": 1766928159904, "uuid": "1cbcdfff-5155-444c-bdcb-d799ede4e613", "historyId": "433344f5e6016b4d51fb1951ebc6cfbc", "testCaseId": "433344f5e6016b4d51fb1951ebc6cfbc", "fullName": "test_product_page#test_guest_cant_see_product_in_basket_opened_from_product_page", "labels": [{"name": "tag", "value": "need_review"}, {"name": "suite", "value": "test_product_page"}, {"name": "host", "value": "runnervmh13bl"}, {"name": "thread", "value": "2330-MainThread"}, {"name": "framework", "value": "pytest"}, {"name": "language", "value": "cpython3"}, {"name": "package", "value": "test_product_page"}], "titlePath": ["test_product_page.py"]}