{"name": "test_message_disappeared_after_adding_product_to_basket", "status": "broken", "statusDetails": {"message": "selenium.common.exceptions.SessionNotCreatedException: Message: session not created: Chrome instance exited. Examine ChromeDriver verbose log to determine the cause.; For documentation on this error, please visit: https://www.selenium.dev/documentation/webdriver/troubleshooting/errors#sessionnotcreatedexception\nStacktrace:\n#0 0x559030f0419a <unknown>\n#1 0x559030981c4b <unknown>\n#2 0x5590309bbd1d <unknown>\n#3 0x5590309b76d3 <unknown>\n#4 0x559030a0724c <unknown>\n#5 0x559030a0696c <unknown>\n#6 0x5590309c5c42 <unknown>\n#7 0x5590309c68f1 <unknown>\n#8 0x559030eccf39 <unknown>\n#9 0x559030ecfe7d <unknown>\n#10 0x559030eb5c81 <unknown>\n#11 0x559030ed0a5b <unknown>\n#12 0x559030e9ca50 <unknown>\n#13 0x559030ef1aa8 <unknown>\n#14 0x559030ef1c79 <unknown>\n#15 0x559030f034f3 <unknown>\n#16 0x7fd718e9caa4 <unknown>\n#17 0x7fd718f29c6c <unknown>", "trace": "E   selenium.common.exceptions.SessionNotCreatedException: Message: session not created: Chrome instance exited. Examine ChromeDriver verbose log to determine the cause.; For documentation on this error, please visit: https://www.selenium.dev/documentation/webdriver/troubleshooting/errors#sessionnotcreatedexception\n    Stacktrace:\n    #0 0x559030f0419a <unknown>\n    #1 0x559030981c4b <unknown>\n    #2 0x5590309bbd1d <unknown>\n    #3 0x5590309b76d3 <unknown>\n    #4 0x559030a0724c <unknown>\n    #5 0x559030a0696c <unknown>\n    #6 0x5590309c5c42 <unknown>\n    #7 0x5590309c68f1 <unknown>\n    #8 0x559030eccf39 <unknown>\n    #9 0x559030ecfe7d <unknown>\n    #10 0x559030eb5c81 <unknown>\n    #11 0x559030ed0a5b <unknown>\n    #12 0x559030e9ca50 <unknown>\n    #13 0x559030ef1aa8 <unknown>\n    #14 0x559030ef1c79 <unknown>\n    #15 0x559030f034f3 <unknown>\n    #16 0x7fd718e9caa4 <unknown>\n    #17 0x7fd718f29c6c <unknown>"}, "start": 1766928159724, "stop": 1766928159724, "uuid": "18ad24f0-e31a-40db-8fe5-85ebaa2be891", "historyId": "3fca896906b6fc9a65e0fff73101183d", "testCaseId": "3fca896906b6fc9a65e0fff73101183d", "fullName": "test_product_page#test_message_disappeared_after_adding_product_to_basket", "labels": [{"name": "suite", "value": "test_product_page"}, {"name": "host", "value": "runnervmh13bl"}, {"name": "thread", "value": "2330-MainThread"}, {"name": "framework", "value": "pytest"}, {"name": "language", "value": "cpython3"}, {"name": "package", "value": "test_product_page"}], "titlePath": ["test_product_page.py"]}