{"name": "test_guest_cant_see_success_message", "status": "broken", "statusDetails": {"message": "selenium.common.exceptions.SessionNotCreatedException: Message: session not created: Chrome instance exited. Examine ChromeDriver verbose log to determine the cause.; For documentation on this error, please visit: https://www.selenium.dev/documentation/webdriver/troubleshooting/errors#sessionnotcreatedexception\nStacktrace:\n#0 0x55fc9dcb519a <unknown>\n#1 0x55fc9d732c4b <unknown>\n#2 0x55fc9d76cd1d <unknown>\n#3 0x55fc9d7686d3 <unknown>\n#4 0x55fc9d7b824c <unknown>\n#5 0x55fc9d7b796c <unknown>\n#6 0x55fc9d776c42 <unknown>\n#7 0x55fc9d7778f1 <unknown>\n#8 0x55fc9dc7df39 <unknown>\n#9 0x55fc9dc80e7d <unknown>\n#10 0x55fc9dc66c81 <unknown>\n#11 0x55fc9dc81a5b <unknown>\n#12 0x55fc9dc4da50 <unknown>\n#13 0x55fc9dca2aa8 <unknown>\n#14 0x55fc9dca2c79 <unknown>\n#15 0x55fc9dcb44f3 <unknown>\n#16 0x7f9521e9caa4 <unknown>\n#17 0x7f9521f29c6c <unknown>", "trace": "E   selenium.common.exceptions.SessionNotCreatedException: Message: session not created: Chrome instance exited. Examine ChromeDriver verbose log to determine the cause.; For documentation on this error, please visit: https://www.selenium.dev/documentation/webdriver/troubleshooting/errors#sessionnotcreatedexception\n    Stacktrace:\n    #0 0x55fc9dcb519a <unknown>\n    #1 0x55fc9d732c4b <unknown>\n    #2 0x55fc9d76cd1d <unknown>\n    #3 0x55fc9d7686d3 <unknown>\n    #4 0x55fc9d7b824c <unknown>\n    #5 0x55fc9d7b796c <unknown>\n    #6 0x55fc9d776c42 <unknown>\n    #7 0x55fc9d7778f1 <unknown>\n    #8 0x55fc9dc7df39 <unknown>\n    #9 0x55fc9dc80e7d <unknown>\n    #10 0x55fc9dc66c81 <unknown>\n    #11 0x55fc9dc81a5b <unknown>\n    #12 0x55fc9dc4da50 <unknown>\n    #13 0x55fc9dca2aa8 <unknown>\n    #14 0x55fc9dca2c79 <unknown>\n    #15 0x55fc9dcb44f3 <unknown>\n    #16 0x7f9521e9caa4 <unknown>\n    #17 0x7f9521f29c6c <unknown>"}, "start": 1766928159541, "stop": 1766928159541, "uuid": "3e778451-4118-4b93-9048-4d99fb84efc6", "historyId": "5251c96da2fb7810995bc4fb778eeb08", "testCaseId": "5251c96da2fb7810995bc4fb778eeb08", "fullName": "test_product_page#test_guest_cant_see_success_message", "labels": [{"name": "suite", "value": "test_product_page"}, {"name": "host", "value": "runnervmh13bl"}, {"name": "thread", "value": "2330-MainThread"}, {"name": "framework", "value": "pytest"}, {"name": "language", "value": "cpython3"}, {"name": "package", "value": "test_product_page"}], "titlePath": ["test_product_page.py"]}