{"uid":"4415fcf492f43214","name":"test_guest_can_add_product_to_basket[1]","fullName":"test_product_page#test_guest_can_add_product_to_basket","historyId":"1b51ad510bea95743d2b0aedaf4f9313","time":{"start":1766928157726,"stop":1766928157726,"duration":0},"status":"broken","statusMessage":"selenium.common.exceptions.SessionNotCreatedException: Message: session not created: Chrome instance exited. Examine ChromeDriver verbose log to determine the cause.; For documentation on this error, please visit: https://www.selenium.dev/documentation/webdriver/troubleshooting/errors#sessionnotcreatedexception\nStacktrace:\n#0 0x5614842f619a <unknown>\n#1 0x561483d73c4b <unknown>\n#2 0x561483dadd1d <unknown>\n#3 0x561483da96d3 <unknown>\n#4 0x561483df924c <unknown>\n#5 0x561483df896c <unknown>\n#6 0x561483db7c42 <unknown>\n#7 0x561483db88f1 <unknown>\n#8 0x5614842bef39 <unknown>\n#9 0x5614842c1e7d <unknown>\n#10 0x5614842a7c81 <unknown>\n#11 0x5614842c2a5b <unknown>\n#12 0x56148428ea50 <unknown>\n#13 0x5614842e3aa8 <unknown>\n#14 0x5614842e3c79 <unknown>\n#15 0x5614842f54f3 <unknown>\n#16 0x7f121849caa4 <unknown>\n#17 0x7f1218529c6c <unknown>","statusTrace":"E   selenium.common.exceptions.SessionNotCreatedException: Message: session not created: Chrome instance exited. Examine ChromeDriver verbose log to determine the cause.; For documentation on this error, please visit: https://www.selenium.dev/documentation/webdriver/troubleshooting/errors#sessionnotcreatedexception\n    Stacktrace:\n    #0 0x5614842f619a <unknown>\n    #1 0x561483d73c4b <unknown>\n    #2 0x561483dadd1d <unknown>\n    #3 0x561483da96d3 <unknown>\n    #4 0x561483df924c <unknown>\n    #5 0x561483df896c <unknown>\n    #6 0x561483db7c42 <unknown>\n    #7 0x561483db88f1 <unknown>\n    #8 0x5614842bef39 <unknown>\n    #9 0x5614842c1e7d <unknown>\n    #10 0x5614842a7c81 <unknown>\n    #11 0x5614842c2a5b <unknown>\n    #12 0x56148428ea50 <unknown>\n    #13 0x5614842e3aa8 <unknown>\n    #14 0x5614842e3c79 <unknown>\n    #15 0x5614842f54f3 <unknown>\n    #16 0x7f121849caa4 <unknown>\n    #17 0x7f1218529c6c <unknown>","flaky":false,"newFailed":false,"newBroken":false,"newPassed":false,"retriesCount":0,"retriesStatusChange":false,"beforeStages":[{"name":"browser","time":{"start":1766928157726,"stop":1766928157902,"duration":176},"status":"broken","statusMessage":"selenium.common.exceptions.SessionNotCreatedException: Message: session not created: Chrome instance exited. Examine ChromeDriver verbose log to determine the cause.; For documentation on this error, please visit: https://www.selenium.dev/documentation/webdriver/troubleshooting/errors#sessionnotcreatedexception\nStacktrace:\n#0 0x5614842f619a <unknown>\n#1 0x561483d73c4b <unknown>\n#2 0x561483dadd1d <unknown>\n#3 0x561483da96d3 <unknown>\n#4 0x561483df924c <unknown>\n#5 0x561483df896c <unknown>\n#6 0x561483db7c42 <unknown>\n#7 0x561483db88f1 <unknown>\n#8 0x5614842bef39 <unknown>\n#9 0x5614842c1e7d <unknown>\n#10 0x5614842a7c81 <unknown>\n#11 0x5614842c2a5b <unknown>\n#12 0x56148428ea50 <unknown>\n#13 0x5614842e3aa8 <unknown>\n#14 0x5614842e3c79 <unknown>\n#15 0x5614842f54f3 <unknown>\n#16 0x7f121849caa4 <unknown>\n#17 0x7f1218529c6c <unknown>\n\n","statusTrace":"  File \"/opt/hostedtoolcache/Python/3.12.12/x64/lib/python3.12/site-packages/pluggy/_callers.py\", line 38, in run_old_style_hookwrapper\n    res = yield\n          ^^^^^\n  File \"/opt/hostedtoolcache/Python/3.12.12/x64/lib/python3.12/site-packages/pluggy/_callers.py\", line 139, in _multicall\n    teardown.throw(exception)\n  File \"/opt/hostedtoolcache/Python/3.12.12/x64/lib/python3.12/site-packages/_pytest/setuponly.py\", line 36, in pytest_fixture_setup\n    return (yield)\n            ^^^^^\n  File \"/opt/hostedtoolcache/Python/3.12.12/x64/lib/python3.12/site-packages/pluggy/_callers.py\", line 121, in _multicall\n    res = hook_impl.function(*args)\n          ^^^^^^^^^^^^^^^^^^^^^^^^^\n  File \"/opt/hostedtoolcache/Python/3.12.12/x64/lib/python3.12/site-packages/_pytest/fixtures.py\", line 1140, in pytest_fixture_setup\n    result = call_fixture_func(fixturefunc, request, kwargs)\n             ^^^^^^^^^^^^^^^^^^^^^^^^^^^^^^^^^^^^^^^^^^^^^^^\n  File \"/opt/hostedtoolcache/Python/3.12.12/x64/lib/python3.12/site-packages/_pytest/fixtures.py\", line 891, in call_fixture_func\n    fixture_result = next(generator)\n                     ^^^^^^^^^^^^^^^\n  File \"/home/runner/work/testing-using-selenium-and-python/testing-using-selenium-and-python/conftest.py\", line 19, in browser\n    browser = webdriver.Chrome(options=options)\n              ^^^^^^^^^^^^^^^^^^^^^^^^^^^^^^^^^\n  File \"/opt/hostedtoolcache/Python/3.12.12/x64/lib/python3.12/site-packages/selenium/webdriver/chrome/webdriver.py\", line 47, in __init__\n    super().__init__(\n  File \"/opt/hostedtoolcache/Python/3.12.12/x64/lib/python3.12/site-packages/selenium/webdriver/chromium/webdriver.py\", line 69, in __init__\n    super().__init__(command_executor=executor, options=options)\n  File \"/opt/hostedtoolcache/Python/3.12.12/x64/lib/python3.12/site-packages/selenium/webdriver/remote/webdriver.py\", line 261, in __init__\n    self.start_session(capabilities)\n  File \"/opt/hostedtoolcache/Python/3.12.12/x64/lib/python3.12/site-packages/selenium/webdriver/remote/webdriver.py\", line 362, in start_session\n    response = self.execute(Command.NEW_SESSION, caps)[\"value\"]\n               ^^^^^^^^^^^^^^^^^^^^^^^^^^^^^^^^^^^^^^^\n  File \"/opt/hostedtoolcache/Python/3.12.12/x64/lib/python3.12/site-packages/selenium/webdriver/remote/webdriver.py\", line 454, in execute\n    self.error_handler.check_response(response)\n  File \"/opt/hostedtoolcache/Python/3.12.12/x64/lib/python3.12/site-packages/selenium/webdriver/remote/errorhandler.py\", line 232, in check_response\n    raise exception_class(message, screen, stacktrace)\n","steps":[],"attachments":[],"parameters":[],"shouldDisplayMessage":true,"stepsCount":0,"attachmentsCount":0,"hasContent":true}],"afterStages":[],"labels":[{"name":"tag","value":"need_review"},{"name":"suite","value":"test_product_page"},{"name":"host","value":"runnervmh13bl"},{"name":"thread","value":"2330-MainThread"},{"name":"framework","value":"pytest"},{"name":"language","value":"cpython3"},{"name":"package","value":"test_product_page"},{"name":"resultFormat","value":"allure2"}],"parameters":[{"name":"link","value":"1"}],"links":[],"hidden":false,"retry":false,"extra":{"severity":"normal","retries":[],"categories":[{"name":"Test defects","matchedStatuses":[],"flaky":false}],"tags":["need_review"]},"source":"4415fcf492f43214.json","parameterValues":["1"]}