{"uid":"ab6f3e56ae45f121","name":"test_guest_can_add_product_to_basket[7]","fullName":"test_product_page#test_guest_can_add_product_to_basket","historyId":"339a150f5621eeed7102f7f99e60bbba","time":{"start":1766928158817,"stop":1766928158817,"duration":0},"status":"skipped","statusMessage":"XFAIL\n\nselenium.common.exceptions.SessionNotCreatedException: Message: session not created: Chrome instance exited. Examine ChromeDriver verbose log to determine the cause.; For documentation on this error, please visit: https://www.selenium.dev/documentation/webdriver/troubleshooting/errors#sessionnotcreatedexception\nStacktrace:\n#0 0x555afe7df19a <unknown>\n#1 0x555afe25cc4b <unknown>\n#2 0x555afe296d1d <unknown>\n#3 0x555afe2926d3 <unknown>\n#4 0x555afe2e224c <unknown>\n#5 0x555afe2e196c <unknown>\n#6 0x555afe2a0c42 <unknown>\n#7 0x555afe2a18f1 <unknown>\n#8 0x555afe7a7f39 <unknown>\n#9 0x555afe7aae7d <unknown>\n#10 0x555afe790c81 <unknown>\n#11 0x555afe7aba5b <unknown>\n#12 0x555afe777a50 <unknown>\n#13 0x555afe7ccaa8 <unknown>\n#14 0x555afe7ccc79 <unknown>\n#15 0x555afe7de4f3 <unknown>\n#16 0x7f625ae9caa4 <unknown>\n#17 0x7f625af29c6c <unknown>","statusTrace":"E   selenium.common.exceptions.SessionNotCreatedException: Message: session not created: Chrome instance exited. Examine ChromeDriver verbose log to determine the cause.; For documentation on this error, please visit: https://www.selenium.dev/documentation/webdriver/troubleshooting/errors#sessionnotcreatedexception\n    Stacktrace:\n    #0 0x555afe7df19a <unknown>\n    #1 0x555afe25cc4b <unknown>\n    #2 0x555afe296d1d <unknown>\n    #3 0x555afe2926d3 <unknown>\n    #4 0x555afe2e224c <unknown>\n    #5 0x555afe2e196c <unknown>\n    #6 0x555afe2a0c42 <unknown>\n    #7 0x555afe2a18f1 <unknown>\n    #8 0x555afe7a7f39 <unknown>\n    #9 0x555afe7aae7d <unknown>\n    #10 0x555afe790c81 <unknown>\n    #11 0x555afe7aba5b <unknown>\n    #12 0x555afe777a50 <unknown>\n    #13 0x555afe7ccaa8 <unknown>\n    #14 0x555afe7ccc79 <unknown>\n    #15 0x555afe7de4f3 <unknown>\n    #16 0x7f625ae9caa4 <unknown>\n    #17 0x7f625af29c6c <unknown>","flaky":false,"newFailed":false,"newBroken":false,"newPassed":false,"retriesCount":0,"retriesStatusChange":false,"beforeStages":[{"name":"browser","time":{"start":1766928158817,"stop":1766928158992,"duration":175},"status":"broken","statusMessage":"selenium.common.exceptions.SessionNotCreatedException: Message: session not created: Chrome instance exited. Examine ChromeDriver verbose log to determine the cause.; For documentation on this error, please visit: https://www.selenium.dev/documentation/webdriver/troubleshooting/errors#sessionnotcreatedexception\nStacktrace:\n#0 0x555afe7df19a <unknown>\n#1 0x555afe25cc4b <unknown>\n#2 0x555afe296d1d <unknown>\n#3 0x555afe2926d3 <unknown>\n#4 0x555afe2e224c <unknown>\n#5 0x555afe2e196c <unknown>\n#6 0x555afe2a0c42 <unknown>\n#7 0x555afe2a18f1 <unknown>\n#8 0x555afe7a7f39 <unknown>\n#9 0x555afe7aae7d <unknown>\n#10 0x555afe790c81 <unknown>\n#11 0x555afe7aba5b <unknown>\n#12 0x555afe777a50 <unknown>\n#13 0x555afe7ccaa8 <unknown>\n#14 0x555afe7ccc79 <unknown>\n#15 0x555afe7de4f3 <unknown>\n#16 0x7f625ae9caa4 <unknown>\n#17 0x7f625af29c6c <unknown>\n\n","statusTrace":"  File \"/opt/hostedtoolcache/Python/3.12.12/x64/lib/python3.12/site-packages/pluggy/_callers.py\", line 38, in run_old_style_hookwrapper\n    res = yield\n          ^^^^^\n  File \"/opt/hostedtoolcache/Python/3.12.12/x64/lib/python3.12/site-packages/pluggy/_callers.py\", line 139, in _multicall\n    teardown.throw(exception)\n  File \"/opt/hostedtoolcache/Python/3.12.12/x64/lib/python3.12/site-packages/_pytest/setuponly.py\", line 36, in pytest_fixture_setup\n    return (yield)\n            ^^^^^\n  File \"/opt/hostedtoolcache/Python/3.12.12/x64/lib/python3.12/site-packages/pluggy/_callers.py\", line 121, in _multicall\n    res = hook_impl.function(*args)\n          ^^^^^^^^^^^^^^^^^^^^^^^^^\n  File \"/opt/hostedtoolcache/Python/3.12.12/x64/lib/python3.12/site-packages/_pytest/fixtures.py\", line 1140, in pytest_fixture_setup\n    result = call_fixture_func(fixturefunc, request, kwargs)\n             ^^^^^^^^^^^^^^^^^^^^^^^^^^^^^^^^^^^^^^^^^^^^^^^\n  File \"/opt/hostedtoolcache/Python/3.12.12/x64/lib/python3.12/site-packages/_pytest/fixtures.py\", line 891, in call_fixture_func\n    fixture_result = next(generator)\n                     ^^^^^^^^^^^^^^^\n  File \"/home/runner/work/testing-using-selenium-and-python/testing-using-selenium-and-python/conftest.py\", line 19, in browser\n    browser = webdriver.Chrome(options=options)\n              ^^^^^^^^^^^^^^^^^^^^^^^^^^^^^^^^^\n  File \"/opt/hostedtoolcache/Python/3.12.12/x64/lib/python3.12/site-packages/selenium/webdriver/chrome/webdriver.py\", line 47, in __init__\n    super().__init__(\n  File \"/opt/hostedtoolcache/Python/3.12.12/x64/lib/python3.12/site-packages/selenium/webdriver/chromium/webdriver.py\", line 69, in __init__\n    super().__init__(command_executor=executor, options=options)\n  File \"/opt/hostedtoolcache/Python/3.12.12/x64/lib/python3.12/site-packages/selenium/webdriver/remote/webdriver.py\", line 261, in __init__\n    self.start_session(capabilities)\n  File \"/opt/hostedtoolcache/Python/3.12.12/x64/lib/python3.12/site-packages/selenium/webdriver/remote/webdriver.py\", line 362, in start_session\n    response = self.execute(Command.NEW_SESSION, caps)[\"value\"]\n               ^^^^^^^^^^^^^^^^^^^^^^^^^^^^^^^^^^^^^^^\n  File \"/opt/hostedtoolcache/Python/3.12.12/x64/lib/python3.12/site-packages/selenium/webdriver/remote/webdriver.py\", line 454, in execute\n    self.error_handler.check_response(response)\n  File \"/opt/hostedtoolcache/Python/3.12.12/x64/lib/python3.12/site-packages/selenium/webdriver/remote/errorhandler.py\", line 232, in check_response\n    raise exception_class(message, screen, stacktrace)\n","steps":[],"attachments":[],"parameters":[],"shouldDisplayMessage":true,"stepsCount":0,"attachmentsCount":0,"hasContent":true}],"afterStages":[],"labels":[{"name":"tag","value":"need_review"},{"name":"suite","value":"test_product_page"},{"name":"host","value":"runnervmh13bl"},{"name":"thread","value":"2330-MainThread"},{"name":"framework","value":"pytest"},{"name":"language","value":"cpython3"},{"name":"package","value":"test_product_page"},{"name":"resultFormat","value":"allure2"}],"parameters":[{"name":"link","value":"7"}],"links":[],"hidden":false,"retry":false,"extra":{"severity":"normal","retries":[],"categories":[],"tags":["need_review"]},"source":"ab6f3e56ae45f121.json","parameterValues":["7"]}