{"name": "test_guest_cant_see_product_in_basket_opened_from_main_page", "status": "broken", "statusDetails": {"message": "selenium.common.exceptions.SessionNotCreatedException: Message: session not created: Chrome instance exited. Examine ChromeDriver verbose log to determine the cause.; For documentation on this error, please visit: https://www.selenium.dev/documentation/webdriver/troubleshooting/errors#sessionnotcreatedexception\nStacktrace:\n#0 0x559469f0819a <unknown>\n#1 0x559469985c4b <unknown>\n#2 0x5594699bfd1d <unknown>\n#3 0x5594699bb6d3 <unknown>\n#4 0x559469a0b24c <unknown>\n#5 0x559469a0a96c <unknown>\n#6 0x5594699c9c42 <unknown>\n#7 0x5594699ca8f1 <unknown>\n#8 0x559469ed0f39 <unknown>\n#9 0x559469ed3e7d <unknown>\n#10 0x559469eb9c81 <unknown>\n#11 0x559469ed4a5b <unknown>\n#12 0x559469ea0a50 <unknown>\n#13 0x559469ef5aa8 <unknown>\n#14 0x559469ef5c79 <unknown>\n#15 0x559469f074f3 <unknown>\n#16 0x7f1ff8a9caa4 <unknown>\n#17 0x7f1ff8b29c6c <unknown>", "trace": "E   selenium.common.exceptions.SessionNotCreatedException: Message: session not created: Chrome instance exited. Examine ChromeDriver verbose log to determine the cause.; For documentation on this error, please visit: https://www.selenium.dev/documentation/webdriver/troubleshooting/errors#sessionnotcreatedexception\n    Stacktrace:\n    #0 0x559469f0819a <unknown>\n    #1 0x559469985c4b <unknown>\n    #2 0x5594699bfd1d <unknown>\n    #3 0x5594699bb6d3 <unknown>\n    #4 0x559469a0b24c <unknown>\n    #5 0x559469a0a96c <unknown>\n    #6 0x5594699c9c42 <unknown>\n    #7 0x5594699ca8f1 <unknown>\n    #8 0x559469ed0f39 <unknown>\n    #9 0x559469ed3e7d <unknown>\n    #10 0x559469eb9c81 <unknown>\n    #11 0x559469ed4a5b <unknown>\n    #12 0x559469ea0a50 <unknown>\n    #13 0x559469ef5aa8 <unknown>\n    #14 0x559469ef5c79 <unknown>\n    #15 0x559469f074f3 <unknown>\n    #16 0x7f1ff8a9caa4 <unknown>\n    #17 0x7f1ff8b29c6c <unknown>"}, "start": 1766928053602, "stop": 1766928053602, "uuid": "b51bcb83-2ec4-456b-8db7-af7eafdd7e1d", "historyId": "5b205efc4cb0ee18f720a357eca6aa16", "testCaseId": "5b205efc4cb0ee18f720a357eca6aa16", "fullName": "test_main_page#test_guest_cant_see_product_in_basket_opened_from_main_page", "labels": [{"name": "suite", "value": "test_main_page"}, {"name": "host", "value": "runnervmh13bl"}, {"name": "thread", "value": "2213-MainThread"}, {"name": "framework", "value": "pytest"}, {"name": "language", "value": "cpython3"}, {"name": "package", "value": "test_main_page"}], "titlePath": ["test_main_page.py"]}