{"uid":"fed83129d088ce61","name":"***** - @allure.title - Название отчета 1/1","fullName":"test_allure.TestAllurePageOne#test_allure_one_one","historyId":"477d4bf85c02f31c1504a5dd74435dfd","time":{"start":1766927767120,"stop":1766927767120,"duration":0},"description":"@allure.description - Добавляет описание (Description) к тесту","descriptionHtml":"<p>@allure.description - Добавляет описание (Description) к тесту</p>\n","status":"broken","statusMessage":"selenium.common.exceptions.SessionNotCreatedException: Message: session not created: Chrome instance exited. Examine ChromeDriver verbose log to determine the cause.; For documentation on this error, please visit: https://www.selenium.dev/documentation/webdriver/troubleshooting/errors#sessionnotcreatedexception\nStacktrace:\n#0 0x55576e08e19a <unknown>\n#1 0x55576db0bc4b <unknown>\n#2 0x55576db45d1d <unknown>\n#3 0x55576db416d3 <unknown>\n#4 0x55576db9124c <unknown>\n#5 0x55576db9096c <unknown>\n#6 0x55576db4fc42 <unknown>\n#7 0x55576db508f1 <unknown>\n#8 0x55576e056f39 <unknown>\n#9 0x55576e059e7d <unknown>\n#10 0x55576e03fc81 <unknown>\n#11 0x55576e05aa5b <unknown>\n#12 0x55576e026a50 <unknown>\n#13 0x55576e07baa8 <unknown>\n#14 0x55576e07bc79 <unknown>\n#15 0x55576e08d4f3 <unknown>\n#16 0x7f177589caa4 <unknown>\n#17 0x7f1775929c6c <unknown>","statusTrace":"E   selenium.common.exceptions.SessionNotCreatedException: Message: session not created: Chrome instance exited. Examine ChromeDriver verbose log to determine the cause.; For documentation on this error, please visit: https://www.selenium.dev/documentation/webdriver/troubleshooting/errors#sessionnotcreatedexception\n    Stacktrace:\n    #0 0x55576e08e19a <unknown>\n    #1 0x55576db0bc4b <unknown>\n    #2 0x55576db45d1d <unknown>\n    #3 0x55576db416d3 <unknown>\n    #4 0x55576db9124c <unknown>\n    #5 0x55576db9096c <unknown>\n    #6 0x55576db4fc42 <unknown>\n    #7 0x55576db508f1 <unknown>\n    #8 0x55576e056f39 <unknown>\n    #9 0x55576e059e7d <unknown>\n    #10 0x55576e03fc81 <unknown>\n    #11 0x55576e05aa5b <unknown>\n    #12 0x55576e026a50 <unknown>\n    #13 0x55576e07baa8 <unknown>\n    #14 0x55576e07bc79 <unknown>\n    #15 0x55576e08d4f3 <unknown>\n    #16 0x7f177589caa4 <unknown>\n    #17 0x7f1775929c6c <unknown>","flaky":false,"newFailed":false,"newBroken":false,"newPassed":false,"retriesCount":0,"retriesStatusChange":false,"beforeStages":[{"name":"browser","time":{"start":1766927767121,"stop":1766927771752,"duration":4631},"status":"broken","statusMessage":"selenium.common.exceptions.SessionNotCreatedException: Message: session not created: Chrome instance exited. Examine ChromeDriver verbose log to determine the cause.; For documentation on this error, please visit: https://www.selenium.dev/documentation/webdriver/troubleshooting/errors#sessionnotcreatedexception\nStacktrace:\n#0 0x55576e08e19a <unknown>\n#1 0x55576db0bc4b <unknown>\n#2 0x55576db45d1d <unknown>\n#3 0x55576db416d3 <unknown>\n#4 0x55576db9124c <unknown>\n#5 0x55576db9096c <unknown>\n#6 0x55576db4fc42 <unknown>\n#7 0x55576db508f1 <unknown>\n#8 0x55576e056f39 <unknown>\n#9 0x55576e059e7d <unknown>\n#10 0x55576e03fc81 <unknown>\n#11 0x55576e05aa5b <unknown>\n#12 0x55576e026a50 <unknown>\n#13 0x55576e07baa8 <unknown>\n#14 0x55576e07bc79 <unknown>\n#15 0x55576e08d4f3 <unknown>\n#16 0x7f177589caa4 <unknown>\n#17 0x7f1775929c6c <unknown>\n\n","statusTrace":"  File \"/opt/hostedtoolcache/Python/3.12.12/x64/lib/python3.12/site-packages/pluggy/_callers.py\", line 38, in run_old_style_hookwrapper\n    res = yield\n          ^^^^^\n  File \"/opt/hostedtoolcache/Python/3.12.12/x64/lib/python3.12/site-packages/pluggy/_callers.py\", line 139, in _multicall\n    teardown.throw(exception)\n  File \"/opt/hostedtoolcache/Python/3.12.12/x64/lib/python3.12/site-packages/_pytest/setuponly.py\", line 36, in pytest_fixture_setup\n    return (yield)\n            ^^^^^\n  File \"/opt/hostedtoolcache/Python/3.12.12/x64/lib/python3.12/site-packages/pluggy/_callers.py\", line 121, in _multicall\n    res = hook_impl.function(*args)\n          ^^^^^^^^^^^^^^^^^^^^^^^^^\n  File \"/opt/hostedtoolcache/Python/3.12.12/x64/lib/python3.12/site-packages/_pytest/fixtures.py\", line 1140, in pytest_fixture_setup\n    result = call_fixture_func(fixturefunc, request, kwargs)\n             ^^^^^^^^^^^^^^^^^^^^^^^^^^^^^^^^^^^^^^^^^^^^^^^\n  File \"/opt/hostedtoolcache/Python/3.12.12/x64/lib/python3.12/site-packages/_pytest/fixtures.py\", line 891, in call_fixture_func\n    fixture_result = next(generator)\n                     ^^^^^^^^^^^^^^^\n  File \"/home/runner/work/testing-using-selenium-and-python/testing-using-selenium-and-python/conftest.py\", line 19, in browser\n    browser = webdriver.Chrome(options=options)\n              ^^^^^^^^^^^^^^^^^^^^^^^^^^^^^^^^^\n  File \"/opt/hostedtoolcache/Python/3.12.12/x64/lib/python3.12/site-packages/selenium/webdriver/chrome/webdriver.py\", line 47, in __init__\n    super().__init__(\n  File \"/opt/hostedtoolcache/Python/3.12.12/x64/lib/python3.12/site-packages/selenium/webdriver/chromium/webdriver.py\", line 69, in __init__\n    super().__init__(command_executor=executor, options=options)\n  File \"/opt/hostedtoolcache/Python/3.12.12/x64/lib/python3.12/site-packages/selenium/webdriver/remote/webdriver.py\", line 261, in __init__\n    self.start_session(capabilities)\n  File \"/opt/hostedtoolcache/Python/3.12.12/x64/lib/python3.12/site-packages/selenium/webdriver/remote/webdriver.py\", line 362, in start_session\n    response = self.execute(Command.NEW_SESSION, caps)[\"value\"]\n               ^^^^^^^^^^^^^^^^^^^^^^^^^^^^^^^^^^^^^^^\n  File \"/opt/hostedtoolcache/Python/3.12.12/x64/lib/python3.12/site-packages/selenium/webdriver/remote/webdriver.py\", line 454, in execute\n    self.error_handler.check_response(response)\n  File \"/opt/hostedtoolcache/Python/3.12.12/x64/lib/python3.12/site-packages/selenium/webdriver/remote/errorhandler.py\", line 232, in check_response\n    raise exception_class(message, screen, stacktrace)\n","steps":[],"attachments":[],"parameters":[],"shouldDisplayMessage":true,"stepsCount":0,"attachmentsCount":0,"hasContent":true}],"afterStages":[],"labels":[{"name":"severity","value":"critical"},{"name":"tag","value":"@allure.tag - Тэг 1"},{"name":"story","value":"***** - @allure.story - История пользователя"},{"name":"epic","value":"***** - @allure.epic - вкладка Behaviors (Поведение) -> Самый верх"},{"name":"feature","value":"***** - @allure.feature - Название модуля"},{"name":"suite","value":"test_allure"},{"name":"subSuite","value":"TestAllurePageOne"},{"name":"host","value":"runnervmh13bl"},{"name":"thread","value":"2357-MainThread"},{"name":"framework","value":"pytest"},{"name":"language","value":"cpython3"},{"name":"package","value":"test_allure"},{"name":"resultFormat","value":"allure2"}],"parameters":[],"links":[{"name":"Повторные попытки теста Pytest-flaky показывают похожие шаги тестирования","url":"https://github.com/kapKurgan/Selenium_Python_Final","type":"issue"},{"name":"TestCase-4215: Проверка входа в ЛК","url":"https://github.com/kapKurgan/Selenium_Python_Final","type":"tms"},{"name":"Нажми меня","url":"https://github.com/kapKurgan/Selenium_Python_Final","type":"link"}],"hidden":false,"retry":false,"extra":{"severity":"critical","retries":[],"categories":[{"name":"Test defects","matchedStatuses":[],"flaky":false}],"tags":["@allure.tag - Тэг 1"]},"source":"fed83129d088ce61.json","parameterValues":[]}