{"name": "test_allure_two_one", "status": "broken", "statusDetails": {"message": "selenium.common.exceptions.WebDriverException: Message: Process unexpectedly closed with status 1", "trace": "E   selenium.common.exceptions.WebDriverException: Message: Process unexpectedly closed with status 1"}, "start": 1766931741399, "stop": 1766931741399, "uuid": "25335fd6-2ce4-4115-83cb-d321653b4916", "historyId": "557d629d2344876cdaf5a6de21e6f3ef", "testCaseId": "557d629d2344876cdaf5a6de21e6f3ef", "fullName": "test_allure.TestAllurePageTwo#test_allure_two_one", "labels": [{"name": "parentSuite", "value": "===== - @allure.parent_suite - вкладка Suites/Люксы (Группа тестов (suite)) -> Самый верх"}, {"name": "subSuite", "value": "===== - @allure.sub_suite - вкладка Suites/Люксы"}, {"name": "suite", "value": "===== - @allure.suite - вкладка Suites/Люксы"}, {"name": "tag", "value": "@allure.tag - Тэг 3"}, {"name": "severity", "value": "minor"}, {"name": "host", "value": "runnervmh13bl"}, {"name": "thread", "value": "2196-MainThread"}, {"name": "framework", "value": "pytest"}, {"name": "language", "value": "cpython3"}, {"name": "package", "value": "test_allure"}], "titlePath": ["test_allure.py", "TestAllurePageTwo"]}