{"name": "***** - @allure.title - Название отчета 1/2", "status": "broken", "statusDetails": {"message": "selenium.common.exceptions.WebDriverException: Message: Process unexpectedly closed with status 1", "trace": "E   selenium.common.exceptions.WebDriverException: Message: Process unexpectedly closed with status 1"}, "start": 1766931741239, "stop": 1766931741239, "uuid": "fbdd0574-7a3f-4e5c-9a9b-0b5562ad0b6b", "historyId": "f9e8ba146d1b001ab0bdad3d4861b157", "testCaseId": "f9e8ba146d1b001ab0bdad3d4861b157", "fullName": "test_allure.TestAllurePageOne#test_allure_one_two", "labels": [{"name": "story", "value": "***** - @allure.story - История пользователя"}, {"name": "epic", "value": "***** - @allure.epic - вкладка Behaviors (Поведение) -> Самый верх"}, {"name": "severity", "value": "blocker"}, {"name": "tag", "value": "@allure.tag - Тэг 2"}, {"name": "feature", "value": "***** - @allure.feature - Название модуля"}, {"name": "suite", "value": "test_allure"}, {"name": "subSuite", "value": "TestAllurePageOne"}, {"name": "host", "value": "runnervmh13bl"}, {"name": "thread", "value": "2196-MainThread"}, {"name": "framework", "value": "pytest"}, {"name": "language", "value": "cpython3"}, {"name": "package", "value": "test_allure"}], "titlePath": ["test_allure.py", "TestAllurePageOne"]}