{"name": "***** - @allure.title - Название отчета 1/1", "status": "broken", "statusDetails": {"message": "selenium.common.exceptions.WebDriverException: Message: Process unexpectedly closed with status 1", "trace": "E   selenium.common.exceptions.WebDriverException: Message: Process unexpectedly closed with status 1"}, "description": "@allure.description - Добавляет описание (Description) к тесту", "start": 1766931738957, "stop": 1766931738957, "uuid": "bd326799-230b-4506-b5b2-134f69a3bb37", "historyId": "477d4bf85c02f31c1504a5dd74435dfd", "testCaseId": "477d4bf85c02f31c1504a5dd74435dfd", "fullName": "test_allure.TestAllurePageOne#test_allure_one_one", "labels": [{"name": "story", "value": "***** - @allure.story - История пользователя"}, {"name": "epic", "value": "***** - @allure.epic - вкладка Behaviors (Поведение) -> Самый верх"}, {"name": "feature", "value": "***** - @allure.feature - Название модуля"}, {"name": "severity", "value": "critical"}, {"name": "tag", "value": "@allure.tag - Тэг 1"}, {"name": "suite", "value": "test_allure"}, {"name": "subSuite", "value": "TestAllurePageOne"}, {"name": "host", "value": "runnervmh13bl"}, {"name": "thread", "value": "2196-MainThread"}, {"name": "framework", "value": "pytest"}, {"name": "language", "value": "cpython3"}, {"name": "package", "value": "test_allure"}], "links": [{"type": "issue", "url": "https://github.com/kapKurgan/Selenium_Python_Final", "name": "Повторные попытки теста Pytest-flaky показывают похожие шаги тестирования"}, {"type": "tms", "url": "https://github.com/kapKurgan/Selenium_Python_Final", "name": "TestCase-4215: Проверка входа в ЛК"}, {"type": "link", "url": "https://github.com/kapKurgan/Selenium_Python_Final", "name": "Нажми меня"}], "titlePath": ["test_allure.py", "TestAllurePageOne"]}