{"name": "test_allure_two_two", "status": "broken", "statusDetails": {"message": "selenium.common.exceptions.WebDriverException: Message: Process unexpectedly closed with status 1", "trace": "E   selenium.common.exceptions.WebDriverException: Message: Process unexpectedly closed with status 1"}, "start": 1766931741558, "stop": 1766931741558, "uuid": "87a7b949-587a-467a-8c53-53cbdf7a93cf", "historyId": "8979f5bfd101f9bb87dd9cbe5b66bdaf", "testCaseId": "8979f5bfd101f9bb87dd9cbe5b66bdaf", "fullName": "test_allure.TestAllurePageTwo#test_allure_two_two", "labels": [{"name": "severity", "value": "normal"}, {"name": "parentSuite", "value": "===== - @allure.parent_suite - вкладка Suites/Люксы (Группа тестов (suite)) -> Самый верх"}, {"name": "subSuite", "value": "===== - @allure.sub_suite - вкладка Suites/Люксы"}, {"name": "suite", "value": "===== - @allure.suite - вкладка Suites/Люксы"}, {"name": "tag", "value": "@allure.tag - Тэг 4"}, {"name": "host", "value": "runnervmh13bl"}, {"name": "thread", "value": "2196-MainThread"}, {"name": "framework", "value": "pytest"}, {"name": "language", "value": "cpython3"}, {"name": "package", "value": "test_allure"}], "titlePath": ["test_allure.py", "TestAllurePageTwo"]}